======================================================================
INSPECCION DE ESCENARIOS
======================================================================
  N_candidatos = 1000
  n_reps       = 5
  T            = 163
  seed         = 0
  position     = median
  summary      = SPX
----------------------------------------------------------------------
Construyendo contexto...
  assets     : ['SPX', 'CMC200']
  candidates : (1000, 163, 2)
  reps       : (5, 163, 2)
  output dir : C:\Users\aunanue\Internship\Testing\SPC_Grid2\inspeccion\escenarios_out
----------------------------------------------------------------------
[1/6] sesgo cumret terminal
  -> inspeccion\escenarios_out\1_sesgo_cumret_terminal.png
  -> inspeccion\escenarios_out\1_sesgo_cumret_terminal.csv
[2/6] dispersion (fan chart)
  -> inspeccion\escenarios_out\2_dispersion_fan.png
  -> inspeccion\escenarios_out\2_dispersion_fan.csv
[3/6] correlacion cross-asset
  -> inspeccion\escenarios_out\3_correlacion_cross_asset.png
  -> inspeccion\escenarios_out\3_correlacion_cross_asset.csv
[4/6] path-dependence por bloque temporal
  -> inspeccion\escenarios_out\4_path_dependence.png
  -> inspeccion\escenarios_out\4_path_dependence.csv
[5/6] sesgo del activo de resumen
  -> inspeccion\escenarios_out\5_sesgo_resumen.png
  -> inspeccion\escenarios_out\5_sesgo_resumen.csv
[6/6] sanity / reproducibilidad
  -> inspeccion\escenarios_out\6_sanity.csv
  -> inspeccion\escenarios_out\6_sanity_seeds.png
----------------------------------------------------------------------
Listo. Resultados en C:\Users\aunanue\Internship\Testing\SPC_Grid2\inspeccion\escenarios_out
