======================================================================
CUADRO FINAL DE TESIS - comparativa de pipelines
======================================================================
  output : C:\Users\aunanue\Internship\Testing\SPC_Grid2\experimentos\cuadro_final_out
----------------------------------------------------------------------
Construyendo contextos...
  contextos OK (OPT base + DL pre-unif + DL post-unif)

[OPT base] regret-grid 5x3 ...
  [ 1/15] lambda=0.30  m=0.0 ... z=0.4666  V=[$5,265 .. $11,000]
  [ 2/15] lambda=0.30  m=0.1 ... z=0.4612  V=[$5,079 .. $11,625]
  [ 3/15] lambda=0.30  m=0.5 ... z=0.4515  V=[$6,393 .. $11,365]
  [ 4/15] lambda=0.90  m=0.0 ... z=0.3994  V=[$9,852 .. $16,999]
  [ 5/15] lambda=0.90  m=0.1 ... z=0.3960  V=[$10,301 .. $17,070]
  [ 6/15] lambda=0.90  m=0.5 ... z=0.3922  V=[$10,643 .. $16,117]
  [ 7/15] lambda=1.20  m=0.0 ... z=0.3997  V=[$10,033 .. $17,662]
  [ 8/15] lambda=1.20  m=0.1 ... z=0.3970  V=[$10,412 .. $17,678]
  [ 9/15] lambda=1.20  m=0.5 ... z=0.3937  V=[$10,683 .. $16,885]
  [10/15] lambda=1.50  m=0.0 ... z=0.4052  V=[$10,125 .. $18,042]
  [11/15] lambda=1.50  m=0.1 ... z=0.4027  V=[$10,462 .. $18,013]
  [12/15] lambda=1.50  m=0.5 ... z=0.3997  V=[$10,692 .. $17,374]
  [13/15] lambda=1.80  m=0.0 ... z=0.4132  V=[$10,182 .. $18,283]
  [14/15] lambda=1.80  m=0.1 ... z=0.4109  V=[$10,492 .. $18,253]
  [15/15] lambda=1.80  m=0.5 ... C:\Users\aunanue\Internship\Testing\SPC_Grid2\experimentos\cuadro_final.py:146: UserWarning: g*_mean cae en frontera del grid (lambda=1.80, m=0.50). Considera extender LAMBDA_GRID/M_GRID en config.py.
  res = compute_regret_and_select(V_df)
C:\Users\aunanue\Internship\Testing\SPC_Grid2\experimentos\cuadro_final.py:146: UserWarning: g*_worst cae en frontera del grid (lambda=1.80). Considera extender LAMBDA_GRID/M_GRID en config.py.
  res = compute_regret_and_select(V_df)
z=0.4080  V=[$10,688 .. $17,712]

[DL pre-unif] regret-grid 5x3 ...
  [ 1/15] lambda=0.30  m=0.0 ... z=0.8294  V=[$3,461 .. $8,750]
  [ 2/15] lambda=0.30  m=0.1 ... z=0.8292  V=[$3,461 .. $8,750]
  [ 3/15] lambda=0.30  m=0.5 ... z=0.8282  V=[$3,461 .. $8,750]
  [ 4/15] lambda=0.90  m=0.0 ... z=0.5517  V=[$7,219 .. $11,458]
  [ 5/15] lambda=0.90  m=0.1 ... z=0.5516  V=[$7,292 .. $11,423]
  [ 6/15] lambda=0.90  m=0.5 ... z=0.5515  V=[$7,328 .. $11,427]
  [ 7/15] lambda=1.20  m=0.0 ... z=0.5152  V=[$8,891 .. $13,393]
  [ 8/15] lambda=1.20  m=0.1 ... z=0.5151  V=[$8,959 .. $13,304]
  [ 9/15] lambda=1.20  m=0.5 ... z=0.5149  V=[$8,950 .. $13,260]
  [10/15] lambda=1.50  m=0.0 ... z=0.4992  V=[$9,989 .. $14,640]
  [11/15] lambda=1.50  m=0.1 ... z=0.4990  V=[$10,051 .. $14,568]
  [12/15] lambda=1.50  m=0.5 ... z=0.4987  V=[$10,041 .. $14,526]
  [13/15] lambda=1.80  m=0.0 ... z=0.4934  V=[$10,606 .. $15,488]
  [14/15] lambda=1.80  m=0.1 ... z=0.4933  V=[$10,637 .. $15,429]
  [15/15] lambda=1.80  m=0.5 ... C:\Users\aunanue\Internship\Testing\SPC_Grid2\experimentos\cuadro_final.py:146: UserWarning: g*_mean cae en frontera del grid (lambda=1.80, m=0.01). Considera extender LAMBDA_GRID/M_GRID en config.py.
  res = compute_regret_and_select(V_df)
C:\Users\aunanue\Internship\Testing\SPC_Grid2\experimentos\cuadro_final.py:146: UserWarning: g*_worst cae en frontera del grid (lambda=1.80, m=0.01). Considera extender LAMBDA_GRID/M_GRID en config.py.
  res = compute_regret_and_select(V_df)
z=0.4928  V=[$10,639 .. $15,392]

[DL post-unif] regret-grid 5x3 ...
  [ 1/15] lambda=0.30  m=0.0 ... z=0.4032  V=[$10,530 .. $19,609]
  [ 2/15] lambda=0.30  m=0.1 ... z=0.4030  V=[$10,531 .. $19,610]
  [ 3/15] lambda=0.30  m=0.5 ... z=0.4020  V=[$10,531 .. $19,610]
  [ 4/15] lambda=0.90  m=0.0 ... z=0.3977  V=[$10,530 .. $19,609]
  [ 5/15] lambda=0.90  m=0.1 ... z=0.3975  V=[$10,531 .. $19,610]
  [ 6/15] lambda=0.90  m=0.5 ... z=0.3965  V=[$10,531 .. $19,610]
  [ 7/15] lambda=1.20  m=0.0 ... z=0.3950  V=[$10,531 .. $19,610]
  [ 8/15] lambda=1.20  m=0.1 ... z=0.3948  V=[$10,531 .. $19,610]
  [ 9/15] lambda=1.20  m=0.5 ... z=0.3938  V=[$10,531 .. $19,610]
  [10/15] lambda=1.50  m=0.0 ... z=0.3922  V=[$10,531 .. $19,610]
  [11/15] lambda=1.50  m=0.1 ... z=0.3920  V=[$10,531 .. $19,610]
  [12/15] lambda=1.50  m=0.5 ... z=0.3910  V=[$10,531 .. $19,610]
  [13/15] lambda=1.80  m=0.0 ... z=0.3895  V=[$10,529 .. $19,606]
  [14/15] lambda=1.80  m=0.1 ... z=0.3892  V=[$10,531 .. $19,610]
  [15/15] lambda=1.80  m=0.5 ... C:\Users\aunanue\Internship\Testing\SPC_Grid2\experimentos\cuadro_final.py:146: UserWarning: g*_mean cae en frontera del grid (lambda=1.80, m=0.50). Considera extender LAMBDA_GRID/M_GRID en config.py.
  res = compute_regret_and_select(V_df)
z=0.3882  V=[$10,531 .. $19,610]

======================================================================
CUADRO FINAL
======================================================================
        policy                              g_mean  mean_regret_$    V_hist  ret_hist_%  V_scen_mean  V_scen_worst  ret_scen_mean_%  ret_scen_worst_%
      OPT base  (np.float64(1.8), np.float64(0.5))         194.10 13,690.03       36.90    13,711.52     10,688.03            37.12              6.88
   DL pre-unif (np.float64(1.8), np.float64(0.01))          17.77 13,096.83       30.97    12,349.98     10,606.09            23.50              6.06
  DL post-unif  (np.float64(1.8), np.float64(0.5))           0.96 12,779.08       27.79    14,647.36     10,530.66            46.47              5.31
Naive BH 50/50                                   -            NaN 12,258.46       22.58    10,325.52      7,941.19             3.26            -20.59
Naive RB 50/50                                   -            NaN 12,091.59       20.92    10,213.17      7,844.98             2.13            -21.55

--> resultados : C:\Users\aunanue\Internship\Testing\SPC_Grid2\experimentos\cuadro_final_out\resultados.csv
--> evolucion  : C:\Users\aunanue\Internship\Testing\SPC_Grid2\experimentos\cuadro_final_out\evolucion.png
--> escenarios : C:\Users\aunanue\Internship\Testing\SPC_Grid2\experimentos\cuadro_final_out\escenarios.png
