======================================================================
INSPECCION DE REGIMEN / LSTM
======================================================================
  BULL_THRESHOLD = 0.0
  T              = 163
  seed (rollout) = 0
----------------------------------------------------------------------
Construyendo contexto (carga LSTM + precomputa deciles walking)...
  assets       : ['SPX', 'CMC200']
  H            : 60
  Q (deciles)  : 5
  nominal_q    : [0.10000000149011612, 0.30000001192092896, 0.5, 0.699999988079071, 0.8999999761581421]
  output dir   : C:\Users\aunanue\Internship\Testing\SPC_Grid2\inspeccion\regimen_out
----------------------------------------------------------------------
[1/6] p_bull walking vs rollout
  -> inspeccion\regimen_out\1_pbull_walking_vs_rollout.png
  -> inspeccion\regimen_out\1_pbull_walking_vs_rollout.csv
[2/6] p_bull(t) serie + distribucion
  -> inspeccion\regimen_out\2_pbull_serie_dist.png
  -> inspeccion\regimen_out\2_pbull_serie_dist.csv
[3/6] rollout step-by-step
  -> inspeccion\regimen_out\3_rollout_step_by_step.png
  -> inspeccion\regimen_out\3_rollout_step_by_step.csv
[4/6] sensibilidad a BULL_THRESHOLD
  -> inspeccion\regimen_out\4_sensibilidad_threshold.png
  -> inspeccion\regimen_out\4_sensibilidad_threshold.csv
[5/6] calibracion cuantilica in-sample
  -> inspeccion\regimen_out\5_calibracion_deciles.png
  -> inspeccion\regimen_out\5_calibracion_deciles.csv
[6/6] sesgo de deciles vs realizado
  -> inspeccion\regimen_out\6_sesgo_deciles.png
  -> inspeccion\regimen_out\6_sesgo_deciles.csv
----------------------------------------------------------------------
Listo. Resultados en C:\Users\aunanue\Internship\Testing\SPC_Grid2\inspeccion\regimen_out
