======================================================================
INSPECCION INTERNA DEL LSTM
======================================================================
Construyendo contexto (carga LSTM + dataset + split chrono)...
  assets   : ['SPX', 'CMC200']
  H        : 60
  hidden   : 16
  layers   : 1
  quantiles: [0.1, 0.3, 0.5, 0.7, 0.9]
  split    : (0.7, 0.15, 0.15)  (n_tr=72, n_va=15, n_te=16)
  output   : C:\Users\aunanue\Internship\Testing\SPC_Grid2\inspeccion\lstm_out
----------------------------------------------------------------------
[1/6] pinball LSTM vs baseline constante
  -> inspeccion\lstm_out\1_pinball_vs_baseline.png
  -> inspeccion\lstm_out\1_pinball_vs_baseline.csv
[2/6] jacobiano por lag
  -> inspeccion\lstm_out\2_jacobian.png
  -> inspeccion\lstm_out\2_jacobian.csv
[3/6] permutation importance por lag
  -> inspeccion\lstm_out\3_lag_importance.png
  -> inspeccion\lstm_out\3_lag_importance.csv
[4/6] hidden state diversity (PCA)
  -> inspeccion\lstm_out\4_hidden_state.png
  -> inspeccion\lstm_out\4_hidden_state.csv
[5/6] curvas pinball train/valid
  -> inspeccion\lstm_out\5_history.png
  -> inspeccion\lstm_out\5_history.csv
[6/6] q=0.5 predicho vs feature de la ventana
  -> inspeccion\lstm_out\6_pred_vs_feature.png
  -> inspeccion\lstm_out\6_pred_vs_feature.csv
----------------------------------------------------------------------
Listo. Resultados en C:\Users\aunanue\Internship\Testing\SPC_Grid2\inspeccion\lstm_out
