======================================================================
INSPECCION DE INPUTS AL OPTIMIZADOR
======================================================================
Cargando contexto DL...
Cargando contexto OPT base (historico)...
  assets        : ['SPX', 'CMC200']
  T_vals        : t1..t163
  V_max         : 0.000645959553076061
  Capital_inic  : 10000.0
  c_base        : {'SPX': 0.001, 'CMC200': 0.004}
  w0            : {'SPX': 0.5, 'CMC200': 0.5}
  scenarios     : (5, 163, 2)
  output        : C:\Users\aunanue\Internship\Testing\SPC_Grid2\inspeccion\inputs_out
----------------------------------------------------------------------
[1/6] mu_mix(t) serie: DL vs OPT base
  -> inspeccion\inputs_out\1_mu_mix_serie.png
  -> inspeccion\inputs_out\1_mu_mix_serie.csv
[2/6] sigma_mix(t) varianza + correlacion cross-asset
  -> inspeccion\inputs_out\2_sigma_serie.png
  -> inspeccion\inputs_out\2_sigma_serie.csv
[3/6] mu_mix DL vs retorno realizado
  -> inspeccion\inputs_out\3_mu_vs_realizado.png
  -> inspeccion\inputs_out\3_mu_vs_realizado.csv
[4/6] PSD check de sigma_mix(t)
  -> inspeccion\inputs_out\4_psd_check.png
  -> inspeccion\inputs_out\4_psd_check.csv
[5/6] menu risk-return
  -> inspeccion\inputs_out\5_risk_return.png
  -> inspeccion\inputs_out\5_risk_return.csv
[6/6] coherencia ex-ante vs ex-post
  -> inspeccion\inputs_out\6_coherencia_ex_ante_ex_post.png
  -> inspeccion\inputs_out\6_coherencia_ex_ante_ex_post.csv
  -> inspeccion\inputs_out\6_constantes_del_context.csv
----------------------------------------------------------------------
Listo. Resultados en C:\Users\aunanue\Internship\Testing\SPC_Grid2\inspeccion\inputs_out
