======================================================================
SWEEP LSTM + LINEAR BASELINE
======================================================================
  quantiles: [0.1, 0.3, 0.5, 0.7, 0.9]
  assets   : ['SPX', 'CMC200']
  T weeks  : 163
  output   : C:\Users\aunanue\Internship\Testing\SPC_Grid2\experimentos\sweep_lstm_out
----------------------------------------------------------------------

[LSTM_h24_l2_H60]  H=60  hidden=24  layers=2
  seed=0  best_valid=0.010700
  seed=1  best_valid=0.011420
  seed=2  best_valid=0.010208
  n_train=72  n_valid=15  n_test=16  params=7738  ratio_params_data=53.74
  best_seed=2  best_valid=0.01021

[LSTM_h16_l1_H60]  H=60  hidden=16  layers=1
  seed=0  best_valid=0.011587
  seed=1  best_valid=0.011124
  seed=2  best_valid=0.010688
  n_train=72  n_valid=15  n_test=16  params=1450  ratio_params_data=10.07
  best_seed=2  best_valid=0.01069

[LSTM_h8_l1_H24]  H=24  hidden=8  layers=1
  seed=0  best_valid=0.010831
  seed=1  best_valid=0.011019
  seed=2  best_valid=0.010513
  n_train=97  n_valid=20  n_test=22  params=474  ratio_params_data=2.44
  best_seed=2  best_valid=0.01051

[LSTM_h4_l1_H12]  H=12  hidden=4  layers=1
  seed=0  best_valid=0.013279
  seed=1  best_valid=0.012196
  seed=2  best_valid=0.011811
  n_train=105  n_valid=22  n_test=24  params=178  ratio_params_data=0.85
  best_seed=2  best_valid=0.01181

[Linear_H12]  features=10  n_train=105  n_valid=22  n_test=24
  params=110  best_seed=1  best_valid=0.01533

[Linear_H24]  features=10  n_train=97  n_valid=20  n_test=22
  params=110  best_seed=1  best_valid=0.01597

[Linear_H60]  features=10  n_train=72  n_valid=15  n_test=16
  params=110  best_seed=1  best_valid=0.19207

======================================================================
SKILL POR (modelo, split, asset)  -- positivo = mejor que constante
======================================================================
split                    train            valid             test        
asset                      SPX  CMC200      SPX  CMC200      SPX  CMC200
model           params                                                  
LSTM_h16_l1_H60 1450   -0.0257 -0.0092  -0.1325 -0.0360   0.0078  0.0196
LSTM_h24_l2_H60 7738   -0.0087 -0.0076  -0.0343 -0.0088  -0.0252 -0.0216
LSTM_h4_l1_H12  178    -0.1917 -0.0204  -0.2255 -0.0295  -0.0860 -0.1280
LSTM_h8_l1_H24  474    -0.0867 -0.0587  -0.2514  0.1038  -0.0618 -0.1237
Linear_H12      110     0.1388  0.0899  -0.0338 -0.4656  -0.5314 -0.3594
Linear_H24      110     0.1364  0.1035  -0.4591 -0.5958  -0.5969 -0.9736
Linear_H60      110     0.1341  0.1048 -23.8140 -2.4730 -38.5881 -3.2172

----------------------------------------------------------------------
CORRELACION q=0.5 predicho vs last_return (train set)
----------------------------------------------------------------------
asset            CMC200    SPX
model                         
LSTM_h16_l1_H60   0.089  0.087
LSTM_h24_l2_H60  -0.609 -0.744
LSTM_h4_l1_H12   -0.018 -0.656
LSTM_h8_l1_H24    0.414  0.280
Linear_H12        0.141 -0.254
Linear_H24       -0.067 -0.123
Linear_H60       -0.119 -0.155

----------------------------------------------------------------------
Resultados : C:\Users\aunanue\Internship\Testing\SPC_Grid2\experimentos\sweep_lstm_out\results.csv
Skill test : C:\Users\aunanue\Internship\Testing\SPC_Grid2\experimentos\sweep_lstm_out\skill_test.png
Heatmap    : C:\Users\aunanue\Internship\Testing\SPC_Grid2\experimentos\sweep_lstm_out\skill_heatmap.png
