======================================================================
SWEEP DL: LSTM vs REGRESION CUANTILICA
======================================================================
  assets   : ['SPX', 'CMC200']
  quantiles: [0.1, 0.3, 0.5, 0.7, 0.9]
  T weeks  : 163
  output   : C:\Users\aunanue\Internship\Testing\SPC_Grid2\experimentos\sweep_modelos_out
----------------------------------------------------------------------

[LSTM] LSTM_h24_l2_H60  H=60 hidden=24 layers=2
  seed=0  best_valid=0.010700
  seed=1  best_valid=0.011420
  seed=2  best_valid=0.010208
  n_tr=72 n_va=15 n_te=16  params=7738  best_valid=0.01021

[LSTM] LSTM_h16_l1_H60  H=60 hidden=16 layers=1
  seed=0  best_valid=0.011587
  seed=1  best_valid=0.011124
  seed=2  best_valid=0.010688
  n_tr=72 n_va=15 n_te=16  params=1450  best_valid=0.01069

[LSTM] LSTM_h16_l1_H24  H=24 hidden=16 layers=1
  seed=0  best_valid=0.011863
  seed=1  best_valid=0.010255
  seed=2  best_valid=0.010531
  n_tr=97 n_va=20 n_te=22  params=1450  best_valid=0.01025

[LSTM] LSTM_h8_l1_H24  H=24 hidden=8 layers=1
  seed=0  best_valid=0.010831
  seed=1  best_valid=0.011019
  seed=2  best_valid=0.010513
  n_tr=97 n_va=20 n_te=22  params=474  best_valid=0.01051

[LSTM] LSTM_h8_l1_H12  H=12 hidden=8 layers=1
  seed=0  best_valid=0.011977
  seed=1  best_valid=0.011763
  seed=2  best_valid=0.011950
  n_tr=105 n_va=22 n_te=24  params=474  best_valid=0.01176

[LSTM] LSTM_h4_l1_H12  H=12 hidden=4 layers=1
  seed=0  best_valid=0.013279
  seed=1  best_valid=0.012196
  seed=2  best_valid=0.011811
  n_tr=105 n_va=22 n_te=24  params=178  best_valid=0.01181

[REG]  Linear_plain_H12  H=12  features=10  kind=plain  wd=0.001
  n_tr=105 n_va=22 n_te=24  params=110  best_valid=0.01533

[REG]  Linear_ridge_H12  H=12  features=10  kind=plain  wd=0.5
  n_tr=105 n_va=22 n_te=24  params=110  best_valid=0.01464

[REG]  Linear_minimal_H12  H=12  features=4  kind=plain  wd=0.001
  n_tr=105 n_va=22 n_te=24  params=50  best_valid=0.01099

[REG]  Linear_shrinkage_H12  H=12  features=10  kind=shrinkage  wd=0.001
  n_tr=105 n_va=22 n_te=24  params=111  best_valid=0.01505  alpha=0.441

[REG]  Linear_minimal_H24  H=24  features=4  kind=plain  wd=0.001
  n_tr=97 n_va=20 n_te=22  params=50  best_valid=0.00983

[REG]  Linear_shrinkage_H24  H=24  features=10  kind=shrinkage  wd=0.001
  n_tr=97 n_va=20 n_te=22  params=111  best_valid=0.01515  alpha=0.439

======================================================================
SKILL POR (modelo, split, asset)
======================================================================
split                                    train           valid            test        
asset                                      SPX  CMC200     SPX  CMC200     SPX  CMC200
category   model                params                                                
LSTM       LSTM_h16_l1_H24      1450   -0.0358  0.0038 -0.1689  0.0207 -0.1123 -0.0084
           LSTM_h16_l1_H60      1450   -0.0257 -0.0092 -0.1325 -0.0360  0.0078  0.0196
           LSTM_h24_l2_H60      7738   -0.0087 -0.0076 -0.0343 -0.0088 -0.0252 -0.0216
           LSTM_h4_l1_H12       178    -0.1917 -0.0204 -0.2255 -0.0295 -0.0860 -0.1280
           LSTM_h8_l1_H12       474    -0.0102 -0.0053 -0.0547 -0.0654 -0.0491 -0.0710
           LSTM_h8_l1_H24       474    -0.0867 -0.0587 -0.2514  0.1038 -0.0618 -0.1237
Regression Linear_minimal_H12   50      0.0724  0.0401  0.0027  0.0018 -0.2071 -0.3481
           Linear_minimal_H24   50      0.0719  0.0336 -0.0097  0.0238 -0.4062 -0.4108
           Linear_plain_H12     110     0.1388  0.0899 -0.0338 -0.4656 -0.5314 -0.3594
           Linear_ridge_H12     110     0.1414  0.0961 -0.0255 -0.3871 -0.5102 -0.3643
           Linear_shrinkage_H12 111     0.1431  0.0999 -0.0473 -0.4317 -0.5199 -0.4373
           Linear_shrinkage_H24 111     0.1170  0.0864 -0.8000 -0.1078 -1.0784 -0.7480

----------------------------------------------------------------------
RANKING POR test_skill_avg (promedio sobre activos en test)
----------------------------------------------------------------------
  category                model  params  test_skill_avg
      LSTM      LSTM_h16_l1_H60    1450          0.0137
      LSTM      LSTM_h24_l2_H60    7738         -0.0234
      LSTM       LSTM_h8_l1_H12     474         -0.0600
      LSTM      LSTM_h16_l1_H24    1450         -0.0603
      LSTM       LSTM_h8_l1_H24     474         -0.0927
      LSTM       LSTM_h4_l1_H12     178         -0.1070
Regression   Linear_minimal_H12      50         -0.2776
Regression   Linear_minimal_H24      50         -0.4085
Regression     Linear_ridge_H12     110         -0.4372
Regression     Linear_plain_H12     110         -0.4454
Regression Linear_shrinkage_H12     111         -0.4786
Regression Linear_shrinkage_H24     111         -0.9132

======================================================================
SELECCION: TOP 2 POR CATEGORIA
======================================================================
  LSTM         LSTM_h16_l1_H60            params= 1450  test_skill_avg=+0.0137
  LSTM         LSTM_h24_l2_H60            params= 7738  test_skill_avg=-0.0234
  Regression   Linear_minimal_H12         params=   50  test_skill_avg=-0.2776
  Regression   Linear_minimal_H24         params=   50  test_skill_avg=-0.4085

--> resultados : C:\Users\aunanue\Internship\Testing\SPC_Grid2\experimentos\sweep_modelos_out\results.csv
--> seleccion  : C:\Users\aunanue\Internship\Testing\SPC_Grid2\experimentos\sweep_modelos_out\seleccion.csv
--> skill_test : C:\Users\aunanue\Internship\Testing\SPC_Grid2\experimentos\sweep_modelos_out\skill_test.png
--> heatmap    : C:\Users\aunanue\Internship\Testing\SPC_Grid2\experimentos\sweep_modelos_out\skill_heatmap.png
