======================================================================
FASE 1 — ENTRENAMIENTO POR CELDA (15 NNs independientes)
======================================================================
  DLConfig: H=60  hidden=8  epochs=300  patience=15
  Grilla: lambda x m = 5 x 3 = 15 celdas
  Cache: C:\Users\aunanue\Internship\Testing\SPC_Final\SPC_Grid\models\per_cell
  force_retrain=False
----------------------------------------------------------------------
  [ 1/15] cell lambda=0.30 m=0.01 seed=5137475
  seed=5137475  best_valid=0.011395
    trained best_valid=0.011395  -> decile_predictor_l0.30_m0.01.pt
  [ 2/15] cell lambda=0.30 m=0.20 seed=365123474
  seed=365123474  best_valid=0.012650
    trained best_valid=0.012650  -> decile_predictor_l0.30_m0.20.pt
  [ 3/15] cell lambda=0.30 m=0.50 seed=1876655831
  seed=1876655831  best_valid=0.010798
    trained best_valid=0.010798  -> decile_predictor_l0.30_m0.50.pt
  [ 4/15] cell lambda=0.70 m=0.01 seed=1153377893
  seed=1153377893  best_valid=0.011086
    trained best_valid=0.011086  -> decile_predictor_l0.70_m0.01.pt
  [ 5/15] cell lambda=0.70 m=0.20 seed=956435689
  seed=956435689  best_valid=0.012374
    trained best_valid=0.012374  -> decile_predictor_l0.70_m0.20.pt
  [ 6/15] cell lambda=0.70 m=0.50 seed=830161467
  seed=830161467  best_valid=0.011927
    trained best_valid=0.011927  -> decile_predictor_l0.70_m0.50.pt
  [ 7/15] cell lambda=1.10 m=0.01 seed=56414385
  seed=56414385  best_valid=0.011574
    trained best_valid=0.011574  -> decile_predictor_l1.10_m0.01.pt
  [ 8/15] cell lambda=1.10 m=0.20 seed=13789192
  seed=13789192  best_valid=0.011475
    trained best_valid=0.011475  -> decile_predictor_l1.10_m0.20.pt
  [ 9/15] cell lambda=1.10 m=0.50 seed=1764711671
  seed=1764711671  best_valid=0.011433
    trained best_valid=0.011433  -> decile_predictor_l1.10_m0.50.pt
  [10/15] cell lambda=1.50 m=0.01 seed=1981259275
  seed=1981259275  best_valid=0.011910
    trained best_valid=0.011910  -> decile_predictor_l1.50_m0.01.pt
  [11/15] cell lambda=1.50 m=0.20 seed=1369181433
  seed=1369181433  best_valid=0.010749
    trained best_valid=0.010749  -> decile_predictor_l1.50_m0.20.pt
  [12/15] cell lambda=1.50 m=0.50 seed=1402755660
  seed=1402755660  best_valid=0.011899
    trained best_valid=0.011899  -> decile_predictor_l1.50_m0.50.pt
  [13/15] cell lambda=1.80 m=0.01 seed=400561167
  seed=400561167  best_valid=0.011277
    trained best_valid=0.011277  -> decile_predictor_l1.80_m0.01.pt
  [14/15] cell lambda=1.80 m=0.20 seed=681718436
  seed=681718436  best_valid=0.011468
    trained best_valid=0.011468  -> decile_predictor_l1.80_m0.20.pt
  [15/15] cell lambda=1.80 m=0.50 seed=1691472790
  seed=1691472790  best_valid=0.010440
    trained best_valid=0.010440  -> decile_predictor_l1.80_m0.50.pt
-> 15 NNs disponibles en memoria.

======================================================================
FASE 2 — CONTEXTO POR CELDA (mu_mix, sigma_mix con NN propia)
======================================================================
  mu_hat_source = 'p_hist' (lectura PDF literal sec 1.3)
  p_method      = 'walking' (validado en HALLAZGOS sec 4)
----------------------------------------------------------------------
  g=(lam=0.30, m=0.01)  p_bull_mean(over assets)=0.390
  g=(lam=0.30, m=0.20)  p_bull_mean(over assets)=0.456
  g=(lam=0.30, m=0.50)  p_bull_mean(over assets)=0.425
  g=(lam=0.70, m=0.01)  p_bull_mean(over assets)=0.437
  g=(lam=0.70, m=0.20)  p_bull_mean(over assets)=0.466
  g=(lam=0.70, m=0.50)  p_bull_mean(over assets)=0.491
  g=(lam=1.10, m=0.01)  p_bull_mean(over assets)=0.587
  g=(lam=1.10, m=0.20)  p_bull_mean(over assets)=0.503
  g=(lam=1.10, m=0.50)  p_bull_mean(over assets)=0.516
  g=(lam=1.50, m=0.01)  p_bull_mean(over assets)=0.518
  g=(lam=1.50, m=0.20)  p_bull_mean(over assets)=0.406
  g=(lam=1.50, m=0.50)  p_bull_mean(over assets)=0.490
  g=(lam=1.80, m=0.01)  p_bull_mean(over assets)=0.583
  g=(lam=1.80, m=0.20)  p_bull_mean(over assets)=0.576
  g=(lam=1.80, m=0.50)  p_bull_mean(over assets)=0.627

======================================================================
FASE 3 — ESCENARIOS COMPARTIDOS (ensemble + ranking FO-aligned)
======================================================================
  Ensemble construido: 15 redes apiladas (promedio de logits)
  w_ref (50/50): {'SPX': 0.5, 'CMC200': 0.5}
  c_base       : {'SPX': 0.0010000000474974513, 'CMC200': 0.004000000189989805}
  N candidates  = 1000
  n_scenarios   = 5 (reducidos por capital terminal FO)
  scenarios.shape = (5, 163, 2)  (n_S, T, A)
  ret port (sin costos) por escenario:  ['-72.71%', '-51.52%', '-30.60%', '-4.27%', '+60.38%']
  cap FO (con costos)   por escenario:  ['-72.84%', '-51.73%', '-30.91%', '-4.74%', '+59.53%']

======================================================================
FASE 4 — REGRET GRID (un solve por celda; V sobre escenarios comp.)
======================================================================
  [ 1/15] lambda=0.30  m=0.0 ... z=0.8306  V=[$2,014 .. $17,481]
  [ 2/15] lambda=0.30  m=0.2 ... z=0.7695  V=[$2,014 .. $17,481]
  [ 3/15] lambda=0.30  m=0.5 ... z=0.7872  V=[$2,014 .. $17,481]
  [ 4/15] lambda=0.70  m=0.0 ... z=0.5934  V=[$2,404 .. $15,782]
  [ 5/15] lambda=0.70  m=0.2 ... z=0.5864  V=[$2,502 .. $15,926]
  [ 6/15] lambda=0.70  m=0.5 ... z=0.5814  V=[$2,514 .. $15,916]
  [ 7/15] lambda=1.10  m=0.0 ... z=0.4656  V=[$3,015 .. $13,917]
  [ 8/15] lambda=1.10  m=0.2 ... z=0.5232  V=[$2,931 .. $14,630]
  [ 9/15] lambda=1.10  m=0.5 ... z=0.5120  V=[$2,969 .. $14,606]
  [10/15] lambda=1.50  m=0.0 ... z=0.5007  V=[$3,231 .. $14,039]
  [11/15] lambda=1.50  m=0.2 ... z=0.4972  V=[$3,147 .. $14,131]
  [12/15] lambda=1.50  m=0.5 ... z=0.4549  V=[$3,291 .. $13,787]
  [13/15] lambda=1.80  m=0.0 ... z=0.4618  V=[$3,383 .. $13,405]
  [14/15] lambda=1.80  m=0.2 ... z=0.4685  V=[$3,390 .. $13,504]
  [15/15] lambda=1.80  m=0.5 ... C:\users\aunanue\internship\testing\SPC_FINAL\SPC_GRID\main.py:186: UserWarning: g*_mean cae en frontera del grid (m=0.50). Considera extender LAMBDA_GRID/M_GRID en config.py.
  res = compute_regret_and_select(V_df)
z=0.4700  V=[$3,374 .. $13,609]

======================================================================
RESULTADOS
======================================================================

--- V[g, s] — capital terminal por (lambda, m) y escenario ---
s                   0         1         2         3          4
lambda m                                                      
0.3    0.01 $2,013.79 $4,000.62 $6,485.79 $9,213.76 $17,481.23
       0.20 $2,013.78 $4,000.62 $6,485.78 $9,213.76 $17,481.22
       0.50 $2,013.79 $4,000.62 $6,485.79 $9,213.76 $17,481.23
0.7    0.01 $2,404.46 $4,496.34 $6,952.90 $8,944.44 $15,782.27
       0.20 $2,502.02 $4,571.65 $7,093.98 $9,325.79 $15,925.94
       0.50 $2,514.13 $4,565.86 $7,079.34 $9,373.07 $15,915.70
1.1    0.01 $3,015.42 $5,019.48 $7,471.37 $8,876.76 $13,916.88
       0.20 $2,930.79 $4,995.07 $7,603.27 $9,317.05 $14,629.74
       0.50 $2,969.48 $5,008.02 $7,645.19 $9,344.19 $14,606.48
1.5    0.01 $3,230.59 $5,090.99 $7,878.91 $9,053.76 $14,039.04
       0.20 $3,147.16 $5,177.73 $7,856.34 $9,173.41 $14,131.10
       0.50 $3,290.76 $5,276.19 $8,003.47 $9,116.67 $13,786.67
1.8    0.01 $3,382.61 $5,391.93 $7,906.06 $8,787.92 $13,405.09
       0.20 $3,389.85 $5,379.21 $8,115.59 $9,039.10 $13,504.08
       0.50 $3,374.30 $5,345.75 $8,087.99 $9,043.95 $13,609.27

--- R[g, s] = V_best_s - V[g, s] ---
s                   0         1         2       3         4
lambda m                                                   
0.3    0.01 $1,376.06 $1,391.30 $1,629.80 $159.32     $0.00
       0.20 $1,376.06 $1,391.30 $1,629.81 $159.32     $0.01
       0.50 $1,376.06 $1,391.30 $1,629.80 $159.32     $0.00
0.7    0.01   $985.39   $895.58 $1,162.69 $428.64 $1,698.95
       0.20   $887.83   $820.27 $1,021.62  $47.29 $1,555.29
       0.50   $875.71   $826.06 $1,036.25   $0.00 $1,565.53
1.1    0.01   $374.42   $372.44   $644.22 $496.31 $3,564.35
       0.20   $459.06   $396.85   $512.32  $56.02 $2,851.49
       0.50   $420.37   $383.91   $470.40  $28.89 $2,874.75
1.5    0.01   $159.26   $300.94   $236.68 $319.32 $3,442.19
       0.20   $242.69   $214.20   $259.25 $199.66 $3,350.13
       0.50    $99.09   $115.73   $112.12 $256.40 $3,694.56
1.8    0.01     $7.23     $0.00   $209.53 $585.15 $4,076.14
       0.20     $0.00    $12.72     $0.00 $333.97 $3,977.15
       0.50    $15.55    $46.18    $27.60 $329.12 $3,871.96

--- Resumen de regret por g ---
             mean_regret  worst_regret
lambda m                              
0.3    0.01      $911.30     $1,629.80
       0.20      $911.30     $1,629.81
       0.50      $911.30     $1,629.80
0.7    0.01    $1,034.25     $1,698.95
       0.20      $866.46     $1,555.29
       0.50      $860.71     $1,565.53
1.1    0.01    $1,090.35     $3,564.35
       0.20      $855.15     $2,851.49
       0.50      $835.66     $2,874.75
1.5    0.01      $891.68     $3,442.19
       0.20      $853.19     $3,350.13
       0.50      $855.58     $3,694.56
1.8    0.01      $975.61     $4,076.14
       0.20      $864.77     $3,977.15
       0.50      $858.08     $3,871.96

--- Seleccion de g* ---
  g*_mean  (ec. 23): lambda=1.10  m=0.5  mean_regret=$835.66
      V: mean=$    7,914.67  worst=$    2,969.48  best=$   14,606.48  (capital inicial=$10,000.00)
      retorno promedio sobre escenarios = -20.85%
  g*_worst (ec. 24): lambda=0.70  m=0.2  worst_regret=$1,555.29
      V: mean=$    7,883.87  worst=$    2,502.02  best=$   15,925.94  (capital inicial=$10,000.00)
      retorno en el peor escenario     = -74.98%

  V_df (long)           : C:\Users\aunanue\Internship\Testing\SPC_Final\SPC_Grid\resultados\regret_grid_results.csv
  Tabla de regret       : C:\Users\aunanue\Internship\Testing\SPC_Final\SPC_Grid\resultados\regret_table.csv
  Resumen por g         : C:\Users\aunanue\Internship\Testing\SPC_Final\SPC_Grid\resultados\regret_summary.csv

----------------------------------------------------------------------
DIAGNOSTICO — dispersion de p_dl(t) entre las 15 NNs por celda
----------------------------------------------------------------------
  SPX      p_bull std promedio (sobre t)=0.1181  max std=0.1707  max(max-min)=0.6000
  CMC200   p_bull std promedio (sobre t)=0.0994  max std=0.1633  max(max-min)=0.6000
  -> C:\Users\aunanue\Internship\Testing\SPC_Final\SPC_Grid\resultados\pdl_dispersion.csv
  Grafico guardado en: C:\Users\aunanue\Internship\Testing\SPC_Final\SPC_Grid\resultados\regret_capital_curves.png

----------------------------------------------------------------------
BACKTEST IN-SAMPLE (control) - r_hist[1..T] completo
----------------------------------------------------------------------
  Nota: este backtest aplica la politica sobre toda la serie
        historica, INCLUYENDO el segmento que el LSTM uso para
        entrenar (train+valid del split). Es un sanity check de
        que el modelo aprendio el train; NO una metrica de
        generalizacion. Ver bloque OUT-OF-SAMPLE para esa.

--- Backtest historico (politica aplicada a r_hist) ---
  Capital inicial = $10,000.00   horizonte = t1..t163 (163 periodos)
  politica                                       cap_final   ret_acum       inc_cap
  --------------------------------------------------------------------------------
  OPT (lambda=1.00, m=1.0)                    $  14,522.32   +45.22%  $  +4,522.32
  Regret-Grid g*_mean (lambda=1.10, m=0.5)    $  12,683.13   +26.83%  $  +2,683.13
  Naive 50/50 rebalanceo                      $  12,091.59   +20.92%  $  +2,091.59
  Naive 50/50 buy & hold                      $  12,258.46   +22.58%  $  +2,258.46

  Nota: el ret_acum de Regret-Grid sobre r_hist NO es comparable
        con el +-20.85% promedio sobre los 5 escenarios DL del bloque anterior — uno es backtest
        sobre la trayectoria observada, el otro es promedio sobre las
        trayectorias forecast del LSTM.
  Grafico guardado en: C:\Users\aunanue\Internship\Testing\SPC_Final\SPC_Grid\resultados\evolucion_capital.png

======================================================================
FASE 6 — REGRET GRID + BACKTEST OUT-OF-SAMPLE (test del split LSTM)
======================================================================
  SPLIT=(0.7, 0.15, 0.15)  H=60  T=163  =>  t_test_start=148
  Horizonte OOS = t148..t163 (16 periodos)
  mu_hat/sigma_hat estimados solo sobre t=1..147 (train+valid)
----------------------------------------------------------------------
  Construyendo contextos OOS per-cell ...
    g=(lam=0.30, m=0.01)  p_bull_mean(OOS, over assets)=0.394
    g=(lam=0.30, m=0.20)  p_bull_mean(OOS, over assets)=0.513
    g=(lam=0.30, m=0.50)  p_bull_mean(OOS, over assets)=0.462
    g=(lam=0.70, m=0.01)  p_bull_mean(OOS, over assets)=0.488
    g=(lam=0.70, m=0.20)  p_bull_mean(OOS, over assets)=0.569
    g=(lam=0.70, m=0.50)  p_bull_mean(OOS, over assets)=0.494
    g=(lam=1.10, m=0.01)  p_bull_mean(OOS, over assets)=0.581
    g=(lam=1.10, m=0.20)  p_bull_mean(OOS, over assets)=0.500
    g=(lam=1.10, m=0.50)  p_bull_mean(OOS, over assets)=0.531
    g=(lam=1.50, m=0.01)  p_bull_mean(OOS, over assets)=0.531
    g=(lam=1.50, m=0.20)  p_bull_mean(OOS, over assets)=0.394
    g=(lam=1.50, m=0.50)  p_bull_mean(OOS, over assets)=0.500
    g=(lam=1.80, m=0.01)  p_bull_mean(OOS, over assets)=0.619
    g=(lam=1.80, m=0.20)  p_bull_mean(OOS, over assets)=0.556
    g=(lam=1.80, m=0.50)  p_bull_mean(OOS, over assets)=0.587

  Generando escenarios OOS (ventana inicial = retornos previos al test) ...
    scenarios_oos.shape = (5, 16, 2)  (n_S, T_oos, A)
    ret port (w_ref) por escenario OOS: ['-27.43%', '-14.47%', '-2.94%', '+8.09%', '+25.27%']

  Resolviendo regret-grid OOS (un solve por celda; T_oos periodos) ...
  [ 1/15] lambda=0.30  m=0.0 ... z=0.0513  V=[$6,634 .. $12,860]
  [ 2/15] lambda=0.30  m=0.2 ... z=0.0292  V=[$6,859 .. $12,614]
  [ 3/15] lambda=0.30  m=0.5 ... z=0.0348  V=[$6,804 .. $12,829]
  [ 4/15] lambda=0.70  m=0.0 ... z=0.0308  V=[$7,096 .. $12,279]
  [ 5/15] lambda=0.70  m=0.2 ... z=0.0276  V=[$7,287 .. $12,142]
  [ 6/15] lambda=0.70  m=0.5 ... z=0.0281  V=[$7,327 .. $12,125]
  [ 7/15] lambda=1.10  m=0.0 ... z=0.0220  V=[$7,675 .. $11,738]
  [ 8/15] lambda=1.10  m=0.2 ... z=0.0278  V=[$7,475 .. $11,949]
  [ 9/15] lambda=1.10  m=0.5 ... z=0.0243  V=[$7,540 .. $11,883]
  [10/15] lambda=1.50  m=0.0 ... z=0.0256  V=[$7,622 .. $11,733]
  [11/15] lambda=1.50  m=0.2 ... z=0.0268  V=[$7,615 .. $11,791]
  [12/15] lambda=1.50  m=0.5 ... z=0.0215  V=[$7,738 .. $11,670]
  [13/15] lambda=1.80  m=0.0 ... z=0.0230  V=[$7,791 .. $11,512]
  [14/15] lambda=1.80  m=0.2 ... z=0.0233  V=[$7,793 .. $11,607]
  [15/15] lambda=1.80  m=0.5 ... C:\users\aunanue\internship\testing\SPC_FINAL\SPC_GRID\main.py:364: UserWarning: g*_mean cae en frontera del grid (lambda=0.30, m=0.01). Considera extender LAMBDA_GRID/M_GRID en config.py.
  res_oos = compute_regret_and_select(V_df_oos)
z=0.0235  V=[$7,751 .. $11,636]

--- V[g, s] OOS — capital terminal por (lambda, m) y escenario ---
s                   0         1          2          3          4
lambda m                                                        
0.3    0.01 $6,634.05 $7,733.04 $10,464.49 $12,554.50 $12,860.11
       0.20 $6,858.98 $7,932.16 $10,488.19 $12,276.45 $12,614.23
       0.50 $6,803.95 $7,835.77 $10,406.83 $11,998.34 $12,829.09
0.7    0.01 $7,095.83 $8,138.04 $10,532.89 $11,774.74 $12,278.56
       0.20 $7,286.93 $8,341.39 $10,540.74 $11,863.42 $12,141.86
       0.50 $7,326.69 $8,318.15 $10,519.01 $11,790.30 $12,124.64
1.1    0.01 $7,675.28 $8,667.51 $10,391.59 $11,223.68 $11,738.48
       0.20 $7,474.62 $8,472.75 $10,526.42 $11,527.11 $11,948.51
       0.50 $7,540.37 $8,535.82 $10,522.73 $11,415.31 $11,883.04
1.5    0.01 $7,621.75 $8,703.80 $10,495.46 $11,288.80 $11,732.68
       0.20 $7,615.35 $8,596.72 $10,523.97 $11,339.14 $11,791.02
       0.50 $7,738.19 $8,714.22 $10,515.90 $11,136.26 $11,669.99
1.8    0.01 $7,790.89 $8,734.15 $10,527.35 $11,067.96 $11,511.86
       0.20 $7,792.99 $8,760.46 $10,515.37 $11,073.99 $11,606.99
       0.50 $7,750.54 $8,711.78 $10,522.28 $11,178.54 $11,635.89

--- R[g, s] OOS = V_best_s - V[g, s] ---
s                   0         1       2         3         4
lambda m                                                   
0.3    0.01 $1,158.94 $1,027.42  $76.25     $0.00     $0.00
       0.20   $934.00   $828.30  $52.56   $278.05   $245.88
       0.50   $989.03   $924.69 $133.91   $556.17    $31.02
0.7    0.01   $697.15   $622.42   $7.85   $779.76   $581.55
       0.20   $506.06   $419.07   $0.00   $691.08   $718.25
       0.50   $466.30   $442.31  $21.73   $764.20   $735.47
1.1    0.01   $117.70    $92.95 $149.15 $1,330.82 $1,121.63
       0.20   $318.37   $287.70  $14.32 $1,027.39   $911.59
       0.50   $252.62   $224.64  $18.02 $1,139.20   $977.07
1.5    0.01   $171.24    $56.66  $45.28 $1,265.70 $1,127.42
       0.20   $177.64   $163.73  $16.78 $1,215.37 $1,069.09
       0.50    $54.79    $46.24  $24.85 $1,418.24 $1,190.12
1.8    0.01     $2.10    $26.31  $13.39 $1,486.55 $1,348.25
       0.20     $0.00     $0.00  $25.37 $1,480.52 $1,253.12
       0.50    $42.45    $48.68  $18.47 $1,375.96 $1,224.21

--- Resumen de regret OOS por g ---
             mean_regret  worst_regret
lambda m                              
0.3    0.01      $452.52     $1,158.94
       0.20      $467.76       $934.00
       0.50      $526.96       $989.03
0.7    0.01      $537.75       $779.76
       0.20      $466.89       $718.25
       0.50      $486.00       $764.20
1.1    0.01      $562.45     $1,330.82
       0.20      $511.88     $1,027.39
       0.50      $522.31     $1,139.20
1.5    0.01      $533.26     $1,265.70
       0.20      $528.52     $1,215.37
       0.50      $546.85     $1,418.24
1.8    0.01      $575.32     $1,486.55
       0.20      $551.80     $1,480.52
       0.50      $541.95     $1,375.96

--- Seleccion de g* (OOS) ---
  g*_mean_oos  (ec. 23): lambda=0.30  m=0.0  mean_regret=$452.52
      V_oos: mean=$   10,049.24  worst=$    6,634.05  best=$   12,860.11  (capital inicial=$10,000.00)
      retorno promedio sobre escenarios OOS = +0.49%
  g*_worst_oos (ec. 24): lambda=0.70  m=0.2  worst_regret=$718.25
      V_oos: mean=$   10,034.87  worst=$    7,286.93  best=$   12,141.86  (capital inicial=$10,000.00)
      retorno en el peor escenario OOS     = -27.13%

  V_df OOS              : C:\Users\aunanue\Internship\Testing\SPC_Final\SPC_Grid\resultados\regret_grid_results_oos.csv
  Tabla de regret OOS   : C:\Users\aunanue\Internship\Testing\SPC_Final\SPC_Grid\resultados\regret_table_oos.csv
  Resumen por g OOS     : C:\Users\aunanue\Internship\Testing\SPC_Final\SPC_Grid\resultados\regret_summary_oos.csv
  Grafico guardado en: C:\Users\aunanue\Internship\Testing\SPC_Final\SPC_Grid\resultados\regret_capital_curves_oos.png

----------------------------------------------------------------------
BACKTEST OUT-OF-SAMPLE - r_hist[t_test_start..T]
----------------------------------------------------------------------

--- Backtest OUT-OF-SAMPLE (politica aplicada a r_hist[test]) ---
  Segmento test del split LSTM: t=148..t163 (16 periodos)
  Capital inicial = $10,000.00   anchor w0 = 50/50 en t=148
  mu_hat/sigma_hat estimados solo sobre t=1..147 (train+valid)
  politica                                       cap_final   ret_acum       inc_cap
  --------------------------------------------------------------------------------
  OPT_oos (lambda=1.00, m=1.0)                $  12,225.91   +22.26%  $  +2,225.91
  Regret-Grid_oos g*_mean (lambda=0.30, m=0.0)  $  13,676.53   +36.77%  $  +3,676.53
  Naive 50/50 rebalanceo                      $  12,975.49   +29.75%  $  +2,975.49
  Naive 50/50 buy & hold                      $  12,985.62   +29.86%  $  +2,985.62

  Nota: V_mean (DL forecast) para g*_mean OOS = +0.49% (promedio sobre 5 escenarios DL OOS).
  Grafico guardado en: C:\Users\aunanue\Internship\Testing\SPC_Final\SPC_Grid\resultados\evolucion_capital_oos.png

======================================================================
Pipeline per-cell completo (in-sample + out-of-sample).
======================================================================
