======================================================================
ENTRENAMIENTO LSTM CUANTILICO
======================================================================
  H=60  seeds=(0, 1, 2)  deciles=5
  epochs=300  patience=15  lr=0.001
----------------------------------------------------------------------
  seed=0  best_valid=0.011587
  seed=1  best_valid=0.011124
  seed=2  best_valid=0.010688
----------------------------------------------------------------------
  best_valid = 0.010688  (seed=2)
  checkpoint guardado en: C:\Users\aunanue\Internship\Testing\SPC_Grid2\models\decile_predictor.pt

======================================================================
REGRET-GRID — DL -> optimizador -> seleccion (lambda, m)
======================================================================
Cargando datos y construyendo contexto DL ...
  Assets     : ['SPX', 'CMC200']
  T          : 163 periodos forward (t1..t163)
  Scenarios  : (5, 163, 2) (S, T, A)
  p_bull SPX    : min=0.400  max=0.600  mean=0.558
  p_bull CMC200 : min=0.400  max=0.600  mean=0.443

----------------------------------------------------------------------
Corriendo 5x3=15 puntos x 5 escenarios
----------------------------------------------------------------------
  [ 1/15] lambda=0.30  m=0.0 ... z=0.3794  V=[$3,997 .. $36,800]
  [ 2/15] lambda=0.30  m=0.1 ... z=0.3547  V=[$5,459 .. $34,171]
  [ 3/15] lambda=0.30  m=0.5 ... z=0.3157  V=[$8,213 .. $24,845]
  [ 4/15] lambda=0.90  m=0.0 ... z=0.3060  V=[$6,272 .. $31,320]
  [ 5/15] lambda=0.90  m=0.1 ... z=0.2938  V=[$7,105 .. $28,880]
  [ 6/15] lambda=0.90  m=0.5 ... z=0.2772  V=[$7,947 .. $24,342]
  [ 7/15] lambda=1.20  m=0.0 ... z=0.2878  V=[$6,558 .. $29,337]
  [ 8/15] lambda=1.20  m=0.1 ... z=0.2781  V=[$7,228 .. $27,576]
  [ 9/15] lambda=1.20  m=0.5 ... z=0.2649  V=[$7,914 .. $24,350]
  [10/15] lambda=1.50  m=0.0 ... z=0.2728  V=[$6,729 .. $28,151]
  [11/15] lambda=1.50  m=0.1 ... z=0.2647  V=[$7,214 .. $26,956]
  [12/15] lambda=1.50  m=0.5 ... z=0.2538  V=[$7,879 .. $24,442]
  [13/15] lambda=1.80  m=0.0 ... z=0.2595  V=[$6,806 .. $27,519]
  [14/15] lambda=1.80  m=0.1 ... z=0.2525  V=[$7,247 .. $26,578]
  [15/15] lambda=1.80  m=0.5 ... z=0.2432  V=[$7,854 .. $24,507]
C:\Users\aunanue\Internship\Testing\SPC_Grid2\main.py:102: UserWarning: g*_mean cae en frontera del grid (lambda=0.30, m=0.50). Considera extender LAMBDA_GRID/M_GRID en config.py.
  res = compute_regret_and_select(V_df)
C:\Users\aunanue\Internship\Testing\SPC_Grid2\main.py:102: UserWarning: g*_worst cae en frontera del grid (lambda=0.30). Considera extender LAMBDA_GRID/M_GRID en config.py.
  res = compute_regret_and_select(V_df)

======================================================================
RESULTADOS
======================================================================

--- V[g, s] — capital terminal por (lambda, m) y escenario ---
s                    0         1          2          3          4
lambda m                                                         
0.3    0.01 $16,544.33 $3,997.45  $7,724.75  $8,340.71 $36,799.62
       0.10 $21,317.39 $5,459.48 $11,579.64 $11,096.31 $34,170.81
       0.50 $23,897.32 $8,212.77 $16,862.33 $11,234.63 $24,845.00
0.9    0.01 $12,075.08 $6,272.39 $10,950.38 $10,452.90 $31,319.84
       0.10 $13,344.93 $7,104.51 $13,038.45 $11,633.10 $28,880.33
       0.50 $13,715.11 $7,947.42 $14,783.64 $11,277.36 $24,341.75
1.2    0.01 $11,562.91 $6,557.76 $11,630.31 $10,969.17 $29,337.10
       0.10 $12,447.03 $7,228.21 $13,290.35 $11,754.38 $27,576.36
       0.50 $12,762.22 $7,914.11 $14,475.85 $11,175.73 $24,350.13
1.5    0.01 $11,280.80 $6,729.16 $12,079.22 $11,209.14 $28,150.96
       0.10 $11,989.78 $7,214.36 $13,398.16 $11,664.42 $26,955.63
       0.50 $12,299.86 $7,879.12 $14,260.23 $11,038.00 $24,442.42
1.8    0.01 $11,127.95 $6,805.51 $12,323.60 $11,244.35 $27,519.35
       0.10 $11,737.42 $7,247.31 $13,410.62 $11,521.50 $26,577.54
       0.50 $12,000.60 $7,853.77 $14,115.24 $10,952.78 $24,506.76

--- R[g, s] = V_best_s - V[g, s] ---
s                    0         1         2         3          4
lambda m                                                       
0.3    0.01  $7,353.00 $4,215.32 $9,137.59 $3,413.67      $0.00
       0.10  $2,579.94 $2,753.29 $5,282.69   $658.06  $2,628.81
       0.50      $0.00     $0.00     $0.00   $519.75 $11,954.62
0.9    0.01 $11,822.25 $1,940.38 $5,911.95 $1,301.48  $5,479.79
       0.10 $10,552.39 $1,108.26 $3,823.88   $121.27  $7,919.30
       0.50 $10,182.21   $265.35 $2,078.70   $477.02 $12,457.88
1.2    0.01 $12,334.41 $1,655.01 $5,232.02   $785.21  $7,462.52
       0.10 $11,450.29   $984.55 $3,571.98     $0.00  $9,223.27
       0.50 $11,135.11   $298.66 $2,386.48   $578.64 $12,449.49
1.5    0.01 $12,616.52 $1,483.61 $4,783.11   $545.24  $8,648.67
       0.10 $11,907.54   $998.41 $3,464.17    $89.95  $9,844.00
       0.50 $11,597.47   $333.65 $2,602.10   $716.38 $12,357.20
1.8    0.01 $12,769.37 $1,407.26 $4,538.74   $510.02  $9,280.28
       0.10 $12,159.91   $965.45 $3,451.72   $232.88 $10,222.09
       0.50 $11,896.72   $358.99 $2,747.10   $801.59 $12,292.87

--- Resumen de regret por g ---
             mean_regret  worst_regret
lambda m                              
0.3    0.01    $4,823.91     $9,137.59
       0.10    $2,780.56     $5,282.69
       0.50    $2,494.88    $11,954.62
0.9    0.01    $5,291.17    $11,822.25
       0.10    $4,705.02    $10,552.39
       0.50    $5,092.23    $12,457.88
1.2    0.01    $5,493.83    $12,334.41
       0.10    $5,046.02    $11,450.29
       0.50    $5,369.68    $12,449.49
1.5    0.01    $5,615.43    $12,616.52
       0.10    $5,260.81    $11,907.54
       0.50    $5,521.36    $12,357.20
1.8    0.01    $5,701.13    $12,769.37
       0.10    $5,406.41    $12,159.91
       0.50    $5,619.45    $12,292.87

--- Seleccion de g* ---
  g*_mean  (ec. 23): lambda=0.30  m=0.5  mean_regret=$2,494.88
      V: mean=$   17,010.41  worst=$    8,212.77  best=$   24,845.00  (capital inicial=$10,000.00)
      retorno promedio sobre escenarios = +70.10%
  g*_worst (ec. 24): lambda=0.30  m=0.1  worst_regret=$5,282.69
      V: mean=$   16,724.73  worst=$    5,459.48  best=$   34,170.81  (capital inicial=$10,000.00)
      retorno en el peor escenario     = -45.41%

  V_df (long)           : C:\Users\aunanue\Internship\Testing\SPC_Grid2\resultados\regret_grid_results.csv
  Tabla de regret       : C:\Users\aunanue\Internship\Testing\SPC_Grid2\resultados\regret_table.csv
  Resumen por g         : C:\Users\aunanue\Internship\Testing\SPC_Grid2\resultados\regret_summary.csv
  Grafico guardado en: C:\Users\aunanue\Internship\Testing\SPC_Grid2\resultados\regret_capital_curves.png

--- Backtest historico (politica aplicada a r_hist) ---
  Capital inicial = $10,000.00   horizonte = t1..t163 (163 periodos)
  politica                                       cap_final   ret_acum       inc_cap
  --------------------------------------------------------------------------------
  OPT (lambda=1.00, m=1.0)                    $  14,522.32   +45.22%  $  +4,522.32
  Regret-Grid g*_mean (lambda=0.30, m=0.5)    $   8,518.72   -14.81%  $  -1,481.28
  Naive 50/50 rebalanceo                      $  12,091.59   +20.92%  $  +2,091.59
  Naive 50/50 buy & hold                      $  12,258.46   +22.58%  $  +2,258.46

  Nota: el ret_acum de Regret-Grid sobre r_hist NO es comparable
        con el +70.10% promedio sobre los 5 escenarios DL del bloque anterior — uno es backtest
        sobre la trayectoria observada, el otro es promedio sobre las
        trayectorias forecast del LSTM.
  Grafico guardado en: C:\Users\aunanue\Internship\Testing\SPC_Grid2\resultados\evolucion_capital.png

======================================================================
Pipeline completo.
======================================================================
