======================================================================
ENTRENAMIENTO LSTM CUANTILICO
======================================================================
  H=60  seeds=(0, 1, 2)  deciles=5
  epochs=300  patience=15  lr=0.001
----------------------------------------------------------------------
  seed=0  best_valid=0.010700
  seed=1  best_valid=0.011420
  seed=2  best_valid=0.010208
----------------------------------------------------------------------
  best_valid = 0.010208  (seed=2)
  checkpoint guardado en: C:\Users\aunanue\Internship\Testing\SPC_Grid2\models\decile_predictor.pt

======================================================================
REGRET-GRID — DL -> optimizador -> seleccion (lambda, m)
======================================================================
Cargando datos y construyendo contexto DL ...
  Assets     : ['SPX', 'CMC200']
  T          : 163 periodos forward (t1..t163)
  Scenarios  : (5, 163, 2) (S, T, A)
  p_bull SPX    : min=0.400  max=0.600  mean=0.417
  p_bull CMC200 : min=0.400  max=0.600  mean=0.401

----------------------------------------------------------------------
Corriendo 5x3=15 puntos x 5 escenarios
----------------------------------------------------------------------
  [ 1/15] lambda=0.30  m=0.0 ... z=0.4032  V=[$10,530 .. $19,609]
  [ 2/15] lambda=0.30  m=0.1 ... z=0.4030  V=[$10,531 .. $19,610]
  [ 3/15] lambda=0.30  m=0.5 ... z=0.4020  V=[$10,531 .. $19,610]
  [ 4/15] lambda=0.90  m=0.0 ... z=0.3977  V=[$10,530 .. $19,609]
  [ 5/15] lambda=0.90  m=0.1 ... z=0.3975  V=[$10,531 .. $19,610]
  [ 6/15] lambda=0.90  m=0.5 ... z=0.3965  V=[$10,531 .. $19,610]
  [ 7/15] lambda=1.20  m=0.0 ... z=0.3950  V=[$10,531 .. $19,610]
  [ 8/15] lambda=1.20  m=0.1 ... z=0.3948  V=[$10,531 .. $19,610]
  [ 9/15] lambda=1.20  m=0.5 ... z=0.3938  V=[$10,531 .. $19,610]
  [10/15] lambda=1.50  m=0.0 ... z=0.3922  V=[$10,531 .. $19,610]
  [11/15] lambda=1.50  m=0.1 ... z=0.3920  V=[$10,531 .. $19,610]
  [12/15] lambda=1.50  m=0.5 ... z=0.3910  V=[$10,531 .. $19,610]
  [13/15] lambda=1.80  m=0.0 ... z=0.3895  V=[$10,529 .. $19,606]
  [14/15] lambda=1.80  m=0.1 ... z=0.3892  V=[$10,531 .. $19,610]
  [15/15] lambda=1.80  m=0.5 ... C:\Users\aunanue\Internship\Testing\SPC_Grid2\main.py:102: UserWarning: g*_mean cae en frontera del grid (lambda=1.80, m=0.50). Considera extender LAMBDA_GRID/M_GRID en config.py.
  res = compute_regret_and_select(V_df)
z=0.3882  V=[$10,531 .. $19,610]

======================================================================
RESULTADOS
======================================================================

--- V[g, s] — capital terminal por (lambda, m) y escenario ---
s                    0          1          2          3          4
lambda m                                                          
0.3    0.01 $10,530.36 $12,139.25 $14,724.66 $16,230.97 $19,609.33
       0.10 $10,530.66 $12,139.62 $14,725.12 $16,231.45 $19,609.93
       0.50 $10,530.66 $12,139.62 $14,725.12 $16,231.45 $19,609.93
0.9    0.01 $10,530.36 $12,139.25 $14,724.70 $16,231.01 $19,609.39
       0.10 $10,530.66 $12,139.62 $14,725.12 $16,231.45 $19,609.93
       0.50 $10,530.66 $12,139.62 $14,725.12 $16,231.45 $19,609.93
1.2    0.01 $10,530.66 $12,139.62 $14,725.12 $16,231.45 $19,609.93
       0.10 $10,530.66 $12,139.62 $14,725.12 $16,231.45 $19,609.93
       0.50 $10,530.66 $12,139.62 $14,725.12 $16,231.45 $19,609.93
1.5    0.01 $10,530.66 $12,139.62 $14,725.12 $16,231.46 $19,609.93
       0.10 $10,530.66 $12,139.63 $14,725.13 $16,231.46 $19,609.92
       0.50 $10,530.66 $12,139.62 $14,725.12 $16,231.45 $19,609.93
1.8    0.01 $10,528.98 $12,141.94 $14,725.94 $16,233.12 $19,605.82
       0.10 $10,530.66 $12,139.62 $14,725.12 $16,231.45 $19,609.93
       0.50 $10,530.66 $12,139.62 $14,725.12 $16,231.46 $19,609.93

--- R[g, s] = V_best_s - V[g, s] ---
s               0     1     2     3     4
lambda m                                 
0.3    0.01 $0.30 $2.70 $1.28 $2.14 $0.60
       0.10 $0.00 $2.33 $0.82 $1.67 $0.00
       0.50 $0.00 $2.33 $0.82 $1.67 $0.00
0.9    0.01 $0.30 $2.69 $1.23 $2.11 $0.54
       0.10 $0.00 $2.33 $0.82 $1.67 $0.00
       0.50 $0.00 $2.33 $0.82 $1.67 $0.00
1.2    0.01 $0.00 $2.33 $0.82 $1.67 $0.00
       0.10 $0.00 $2.33 $0.82 $1.67 $0.00
       0.50 $0.00 $2.33 $0.82 $1.67 $0.00
1.5    0.01 $0.00 $2.33 $0.82 $1.66 $0.00
       0.10 $0.01 $2.32 $0.81 $1.66 $0.01
       0.50 $0.00 $2.33 $0.82 $1.67 $0.00
1.8    0.01 $1.68 $0.00 $0.00 $0.00 $4.11
       0.10 $0.00 $2.33 $0.82 $1.67 $0.00
       0.50 $0.00 $2.33 $0.82 $1.66 $0.00

--- Resumen de regret por g ---
             mean_regret  worst_regret
lambda m                              
0.3    0.01        $1.40         $2.70
       0.10        $0.96         $2.33
       0.50        $0.96         $2.33
0.9    0.01        $1.38         $2.69
       0.10        $0.96         $2.33
       0.50        $0.96         $2.33
1.2    0.01        $0.96         $2.33
       0.10        $0.96         $2.33
       0.50        $0.96         $2.33
1.5    0.01        $0.96         $2.33
       0.10        $0.96         $2.32
       0.50        $0.96         $2.33
1.8    0.01        $1.16         $4.11
       0.10        $0.96         $2.33
       0.50        $0.96         $2.33

--- Seleccion de g* ---
  g*_mean  (ec. 23): lambda=1.80  m=0.5  mean_regret=$0.96
      V: mean=$   14,647.36  worst=$   10,530.66  best=$   19,609.93  (capital inicial=$10,000.00)
      retorno promedio sobre escenarios = +46.47%
  g*_worst (ec. 24): lambda=1.50  m=0.1  worst_regret=$2.32
      V: mean=$   14,647.36  worst=$   10,530.66  best=$   19,609.92  (capital inicial=$10,000.00)
      retorno en el peor escenario     = +5.31%

  V_df (long)           : C:\Users\aunanue\Internship\Testing\SPC_Grid2\resultados\regret_grid_results.csv
  Tabla de regret       : C:\Users\aunanue\Internship\Testing\SPC_Grid2\resultados\regret_table.csv
  Resumen por g         : C:\Users\aunanue\Internship\Testing\SPC_Grid2\resultados\regret_summary.csv
  Grafico guardado en: C:\Users\aunanue\Internship\Testing\SPC_Grid2\resultados\regret_capital_curves.png

--- Backtest historico (politica aplicada a r_hist) ---
  Capital inicial = $10,000.00   horizonte = t1..t163 (163 periodos)
  politica                                       cap_final   ret_acum       inc_cap
  --------------------------------------------------------------------------------
  OPT (lambda=1.00, m=1.0)                    $  14,522.32   +45.22%  $  +4,522.32
  Regret-Grid g*_mean (lambda=1.80, m=0.5)    $  12,779.08   +27.79%  $  +2,779.08
  Naive 50/50 rebalanceo                      $  12,091.59   +20.92%  $  +2,091.59
  Naive 50/50 buy & hold                      $  12,258.46   +22.58%  $  +2,258.46

  Nota: el ret_acum de Regret-Grid sobre r_hist NO es comparable
        con el +46.47% promedio sobre los 5 escenarios DL del bloque anterior — uno es backtest
        sobre la trayectoria observada, el otro es promedio sobre las
        trayectorias forecast del LSTM.
  Grafico guardado en: C:\Users\aunanue\Internship\Testing\SPC_Grid2\resultados\evolucion_capital.png

======================================================================
Pipeline completo.
======================================================================
