======================================================================
ENTRENAMIENTO LSTM CUANTILICO
======================================================================
  H=60  seeds=(0, 1, 2)  deciles=5
  epochs=300  patience=15  lr=0.001
----------------------------------------------------------------------
  seed=0  best_valid=0.012545
  seed=1  best_valid=0.011048
  seed=2  best_valid=0.010906
----------------------------------------------------------------------
  best_valid = 0.010906  (seed=2)
  checkpoint guardado en: C:\Users\aunanue\Internship\Testing\SPC_Grid2\models\decile_predictor.pt

======================================================================
REGRET-GRID — DL -> optimizador -> seleccion (lambda, m)
======================================================================
Cargando datos y construyendo contexto DL ...
  Assets     : ['SPX', 'CMC200']
  T          : 163 periodos forward (t1..t163)
  Scenarios  : (5, 163, 2) (S, T, A)
  p_bull SPX    : min=0.400  max=0.800  mean=0.531
  p_bull CMC200 : min=0.400  max=0.600  mean=0.427

----------------------------------------------------------------------
Corriendo 5x3=15 puntos x 5 escenarios
----------------------------------------------------------------------
  [ 1/15] lambda=0.30  m=0.0 ... z=0.5010  V=[$2,853 .. $45,393]
  [ 2/15] lambda=0.30  m=0.1 ... z=0.4918  V=[$2,839 .. $48,092]
  [ 3/15] lambda=0.30  m=0.5 ... z=0.4838  V=[$2,575 .. $50,962]
  [ 4/15] lambda=0.90  m=0.0 ... z=0.2548  V=[$4,441 .. $28,234]
  [ 5/15] lambda=0.90  m=0.1 ... z=0.2415  V=[$4,797 .. $30,081]
  [ 6/15] lambda=0.90  m=0.5 ... z=0.2234  V=[$4,966 .. $33,008]
  [ 7/15] lambda=1.20  m=0.0 ... z=0.1871  V=[$5,505 .. $24,313]
  [ 8/15] lambda=1.20  m=0.1 ... z=0.1770  V=[$4,965 .. $25,621]
  [ 9/15] lambda=1.20  m=0.5 ... z=0.1635  V=[$4,908 .. $27,433]
  [10/15] lambda=1.50  m=0.0 ... z=0.1372  V=[$5,333 .. $22,209]
  [11/15] lambda=1.50  m=0.1 ... z=0.1291  V=[$4,900 .. $23,193]
  [12/15] lambda=1.50  m=0.5 ... z=0.1184  V=[$4,846 .. $24,550]
  [13/15] lambda=1.80  m=0.0 ... z=0.0963  V=[$5,207 .. $20,865]
  [14/15] lambda=1.80  m=0.1 ... z=0.0896  V=[$4,863 .. $21,719]
  [15/15] lambda=1.80  m=0.5 ... z=0.0806  V=[$4,794 .. $22,811]
C:\Users\aunanue\Internship\Testing\SPC_Grid2\main.py:102: UserWarning: g*_mean cae en frontera del grid (lambda=0.30, m=0.50). Considera extender LAMBDA_GRID/M_GRID en config.py.
  res = compute_regret_and_select(V_df)
C:\Users\aunanue\Internship\Testing\SPC_Grid2\main.py:102: UserWarning: g*_worst cae en frontera del grid (lambda=0.30, m=0.01). Considera extender LAMBDA_GRID/M_GRID en config.py.
  res = compute_regret_and_select(V_df)

======================================================================
RESULTADOS
======================================================================

--- V[g, s] — capital terminal por (lambda, m) y escenario ---
s                   0          1          2          3         4
lambda m                                                        
0.3    0.01 $5,046.89  $8,353.03 $45,392.70  $7,658.52 $2,853.05
       0.10 $4,662.54 $10,159.39 $48,091.86  $8,184.26 $2,838.61
       0.50 $4,752.82 $13,340.76 $50,962.01  $9,639.77 $2,575.43
0.9    0.01 $5,889.24  $8,484.21 $28,233.97 $10,331.81 $4,440.55
       0.10 $5,079.82  $9,501.33 $30,081.36 $11,233.62 $4,797.17
       0.50 $4,965.66 $12,387.80 $33,007.91 $12,268.69 $5,871.97
1.2    0.01 $5,505.18  $8,577.56 $24,312.54 $10,834.90 $5,650.77
       0.10 $4,965.02  $9,304.27 $25,620.67 $11,504.97 $6,078.14
       0.50 $4,908.31 $11,315.11 $27,433.19 $12,353.26 $7,086.45
1.5    0.01 $5,333.02  $8,563.56 $22,209.38 $11,083.41 $6,598.31
       0.10 $4,900.28  $9,116.06 $23,192.84 $11,621.69 $6,999.09
       0.50 $4,845.64 $10,629.93 $24,550.02 $12,329.78 $7,887.32
1.8    0.01 $5,207.19  $8,533.74 $20,865.09 $11,223.03 $7,298.57
       0.10 $4,863.41  $8,970.05 $21,718.69 $11,681.60 $7,667.41
       0.50 $4,794.36 $10,155.92 $22,811.07 $12,280.45 $8,452.52

--- R[g, s] = V_best_s - V[g, s] ---
s                   0         1          2         3         4
lambda m                                                      
0.3    0.01   $842.34 $4,987.72  $5,569.31 $4,694.73 $5,599.47
       0.10 $1,226.70 $3,181.37  $2,870.15 $4,169.00 $5,613.91
       0.50 $1,136.41     $0.00      $0.00 $2,713.49 $5,877.09
0.9    0.01     $0.00 $4,856.55 $22,728.04 $2,021.45 $4,011.97
       0.10   $809.42 $3,839.42 $20,880.65 $1,119.64 $3,655.35
       0.50   $923.57   $952.96 $17,954.10    $84.57 $2,580.55
1.2    0.01   $384.05 $4,763.20 $26,649.47 $1,518.36 $2,801.75
       0.10   $924.21 $4,036.49 $25,341.34   $848.29 $2,374.38
       0.50   $980.92 $2,025.65 $23,528.82     $0.00 $1,366.07
1.5    0.01   $556.22 $4,777.20 $28,752.62 $1,269.85 $1,854.21
       0.10   $988.96 $4,224.70 $27,769.17   $731.57 $1,453.43
       0.50 $1,043.60 $2,710.82 $26,411.99    $23.47   $565.20
1.8    0.01   $682.05 $4,807.02 $30,096.92 $1,130.23 $1,153.95
       0.10 $1,025.83 $4,370.71 $29,243.32   $671.66   $785.11
       0.50 $1,094.88 $3,184.84 $28,150.93    $72.81     $0.00

--- Resumen de regret por g ---
             mean_regret  worst_regret
lambda m                              
0.3    0.01    $4,338.72     $5,599.47
       0.10    $3,412.23     $5,613.91
       0.50    $1,945.40     $5,877.09
0.9    0.01    $6,723.60    $22,728.04
       0.10    $6,060.90    $20,880.65
       0.50    $4,499.15    $17,954.10
1.2    0.01    $7,223.37    $26,649.47
       0.10    $6,704.94    $25,341.34
       0.50    $5,580.29    $23,528.82
1.5    0.01    $7,442.02    $28,752.62
       0.10    $7,033.56    $27,769.17
       0.50    $6,151.02    $26,411.99
1.8    0.01    $7,574.03    $30,096.92
       0.10    $7,219.32    $29,243.32
       0.50    $6,500.69    $28,150.93

--- Seleccion de g* ---
  g*_mean  (ec. 23): lambda=0.30  m=0.5  mean_regret=$1,945.40
      V: mean=$   16,254.16  worst=$    2,575.43  best=$   50,962.01  (capital inicial=$10,000.00)
      retorno promedio sobre escenarios = +62.54%
  g*_worst (ec. 24): lambda=0.30  m=0.0  worst_regret=$5,599.47
      V: mean=$   13,860.84  worst=$    2,853.05  best=$   45,392.70  (capital inicial=$10,000.00)
      retorno en el peor escenario     = -71.47%

  V_df (long)           : C:\Users\aunanue\Internship\Testing\SPC_Grid2\resultados\regret_grid_results.csv
  Tabla de regret       : C:\Users\aunanue\Internship\Testing\SPC_Grid2\resultados\regret_table.csv
  Resumen por g         : C:\Users\aunanue\Internship\Testing\SPC_Grid2\resultados\regret_summary.csv
  Grafico guardado en: C:\Users\aunanue\Internship\Testing\SPC_Grid2\resultados\regret_capital_curves.png

--- Backtest historico (politica aplicada a r_hist) ---
  Capital inicial = $10,000.00   horizonte = t1..t163 (163 periodos)
  politica                                       cap_final   ret_acum       inc_cap
  --------------------------------------------------------------------------------
  OPT (lambda=1.00, m=1.0)                    $  14,522.32   +45.22%  $  +4,522.32
  Regret-Grid g*_mean (lambda=0.30, m=0.5)    $   7,738.64   -22.61%  $  -2,261.36
  Naive 50/50 rebalanceo                      $  12,091.59   +20.92%  $  +2,091.59
  Naive 50/50 buy & hold                      $  12,258.46   +22.58%  $  +2,258.46

  Nota: el ret_acum de Regret-Grid sobre r_hist NO es comparable
        con el +62.54% promedio sobre los 5 escenarios DL del bloque anterior — uno es backtest
        sobre la trayectoria observada, el otro es promedio sobre las
        trayectorias forecast del LSTM.
  Grafico guardado en: C:\Users\aunanue\Internship\Testing\SPC_Grid2\resultados\evolucion_capital.png

======================================================================
Pipeline completo.
======================================================================
