======================================================================
ENTRENAMIENTO LSTM CUANTILICO
======================================================================
  H=60  seeds=(0, 1, 2)  deciles=5
  epochs=300  patience=15  lr=0.001
----------------------------------------------------------------------
  seed=0  best_valid=0.012196
  seed=1  best_valid=0.011125
  seed=2  best_valid=0.011053
----------------------------------------------------------------------
  best_valid = 0.011053  (seed=2)
  checkpoint guardado en: C:\Users\aunanue\Internship\Testing\SPC_Grid2\models\decile_predictor.pt

======================================================================
REGRET-GRID — DL -> optimizador -> seleccion (lambda, m)
======================================================================
Cargando datos y construyendo contexto DL ...
  Assets     : ['SPX', 'CMC200']
  T          : 163 periodos forward (t1..t163)
  Scenarios  : (5, 163, 2) (S, T, A)
  p_bull SPX    : min=0.400  max=0.800  mean=0.553
  p_bull CMC200 : min=0.400  max=0.600  mean=0.440

----------------------------------------------------------------------
Corriendo 5x3=15 puntos x 5 escenarios
----------------------------------------------------------------------
  [ 1/15] lambda=0.30  m=0.0 ... z=0.5800  V=[$4,651 .. $23,286]
  [ 2/15] lambda=0.30  m=0.1 ... z=0.5660  V=[$4,471 .. $24,700]
  [ 3/15] lambda=0.30  m=0.5 ... z=0.5495  V=[$4,271 .. $35,757]
  [ 4/15] lambda=0.90  m=0.0 ... z=0.3402  V=[$6,290 .. $26,566]
  [ 5/15] lambda=0.90  m=0.1 ... z=0.3274  V=[$6,514 .. $27,814]
  [ 6/15] lambda=0.90  m=0.5 ... z=0.3099  V=[$6,554 .. $27,848]
  [ 7/15] lambda=1.20  m=0.0 ... z=0.2796  V=[$6,188 .. $26,230]
  [ 8/15] lambda=1.20  m=0.1 ... z=0.2700  V=[$6,364 .. $27,085]
  [ 9/15] lambda=1.20  m=0.5 ... z=0.2569  V=[$6,384 .. $27,124]
  [10/15] lambda=1.50  m=0.0 ... z=0.2338  V=[$6,104 .. $25,900]
  [11/15] lambda=1.50  m=0.1 ... z=0.2262  V=[$6,249 .. $26,561]
  [12/15] lambda=1.50  m=0.5 ... z=0.2158  V=[$6,260 .. $26,612]
  [13/15] lambda=1.80  m=0.0 ... z=0.1954  V=[$6,038 .. $25,636]
  [14/15] lambda=1.80  m=0.1 ... z=0.1891  V=[$6,161 .. $26,175]
  [15/15] lambda=1.80  m=0.5 ... z=0.1804  V=[$6,191 .. $26,134]
C:\Users\aunanue\Internship\Testing\SPC_Grid2\main.py:102: UserWarning: g*_mean cae en frontera del grid (lambda=0.30, m=0.50). Considera extender LAMBDA_GRID/M_GRID en config.py.
  res = compute_regret_and_select(V_df)
C:\Users\aunanue\Internship\Testing\SPC_Grid2\main.py:102: UserWarning: g*_worst cae en frontera del grid (lambda=0.30, m=0.50). Considera extender LAMBDA_GRID/M_GRID en config.py.
  res = compute_regret_and_select(V_df)

======================================================================
RESULTADOS
======================================================================

--- V[g, s] — capital terminal por (lambda, m) y escenario ---
s                   0          1         2         3          4
lambda m                                                       
0.3    0.01 $7,719.36 $20,752.95 $5,369.04 $4,651.45 $23,286.44
       0.10 $7,667.86 $23,614.94 $5,267.62 $4,470.95 $24,700.36
       0.50 $8,366.52 $35,756.86 $5,177.15 $4,271.19 $26,142.37
0.9    0.01 $6,289.75 $17,512.01 $7,687.32 $7,655.18 $26,566.09
       0.10 $6,513.88 $17,951.72 $7,877.59 $8,124.97 $27,814.27
       0.50 $6,554.47 $20,655.46 $7,571.86 $8,434.37 $27,848.03
1.2    0.01 $6,187.98 $16,237.12 $8,191.36 $8,644.15 $26,229.74
       0.10 $6,364.25 $16,546.89 $8,346.64 $9,004.73 $27,084.65
       0.50 $6,384.01 $18,385.72 $8,073.81 $9,206.38 $27,124.10
1.5    0.01 $6,104.48 $15,450.36 $8,476.09 $9,250.46 $25,900.24
       0.10 $6,248.78 $15,708.75 $8,602.86 $9,529.79 $26,561.16
       0.50 $6,259.79 $17,084.98 $8,363.06 $9,663.82 $26,612.49
1.8    0.01 $6,038.28 $14,921.49 $8,655.70 $9,655.71 $25,635.69
       0.10 $6,161.37 $15,149.92 $8,760.85 $9,876.94 $26,174.74
       0.50 $6,190.56 $16,250.94 $8,551.94 $9,993.36 $26,134.22

--- R[g, s] = V_best_s - V[g, s] ---
s                   0          1         2         3         4
lambda m                                                      
0.3    0.01   $647.15 $15,003.90 $3,391.81 $5,341.92 $4,561.59
       0.10   $698.66 $12,141.92 $3,493.23 $5,522.42 $3,147.67
       0.50     $0.00      $0.00 $3,583.71 $5,722.17 $1,705.66
0.9    0.01 $2,076.77 $18,244.85 $1,073.54 $2,338.19 $1,281.94
       0.10 $1,852.64 $17,805.13   $883.26 $1,868.39    $33.76
       0.50 $1,812.04 $15,101.40 $1,189.00 $1,558.99     $0.00
1.2    0.01 $2,178.53 $19,519.73   $569.49 $1,349.21 $1,618.29
       0.10 $2,002.27 $19,209.97   $414.21   $988.63   $763.38
       0.50 $1,982.51 $17,371.14   $687.04   $786.99   $723.93
1.5    0.01 $2,262.03 $20,306.50   $284.76   $742.90 $1,947.79
       0.10 $2,117.73 $20,048.10   $158.00   $463.57 $1,286.87
       0.50 $2,106.72 $18,671.88   $397.79   $329.54 $1,235.54
1.8    0.01 $2,328.24 $20,835.37   $105.15   $337.65 $2,212.34
       0.10 $2,205.15 $20,606.94     $0.00   $116.42 $1,673.29
       0.50 $2,175.95 $19,505.91   $208.92     $0.00 $1,713.81

--- Resumen de regret por g ---
             mean_regret  worst_regret
lambda m                              
0.3    0.01    $5,789.28    $15,003.90
       0.10    $5,000.78    $12,141.92
       0.50    $2,202.31     $5,722.17
0.9    0.01    $5,003.05    $18,244.85
       0.10    $4,488.64    $17,805.13
       0.50    $3,932.29    $15,101.40
1.2    0.01    $5,047.05    $19,519.73
       0.10    $4,675.69    $19,209.97
       0.50    $4,310.32    $17,371.14
1.5    0.01    $5,108.80    $20,306.50
       0.10    $4,814.85    $20,048.10
       0.50    $4,548.29    $18,671.88
1.8    0.01    $5,163.75    $20,835.37
       0.10    $4,920.36    $20,606.94
       0.50    $4,720.92    $19,505.91

--- Seleccion de g* ---
  g*_mean  (ec. 23): lambda=0.30  m=0.5  mean_regret=$2,202.31
      V: mean=$   15,942.81  worst=$    4,271.19  best=$   35,756.86  (capital inicial=$10,000.00)
      retorno promedio sobre escenarios = +59.43%
  g*_worst (ec. 24): lambda=0.30  m=0.5  worst_regret=$5,722.17
      V: mean=$   15,942.81  worst=$    4,271.19  best=$   35,756.86  (capital inicial=$10,000.00)
      retorno en el peor escenario     = -57.29%

  V_df (long)           : C:\Users\aunanue\Internship\Testing\SPC_Grid2\resultados\regret_grid_results.csv
  Tabla de regret       : C:\Users\aunanue\Internship\Testing\SPC_Grid2\resultados\regret_table.csv
  Resumen por g         : C:\Users\aunanue\Internship\Testing\SPC_Grid2\resultados\regret_summary.csv
  Grafico guardado en: C:\Users\aunanue\Internship\Testing\SPC_Grid2\resultados\regret_capital_curves.png

--- Backtest historico (politica aplicada a r_hist) ---
  Capital inicial = $10,000.00   horizonte = t1..t163 (163 periodos)
  politica                                       cap_final   ret_acum       inc_cap
  --------------------------------------------------------------------------------
  OPT (lambda=1.00, m=1.0)                    $  14,522.32   +45.22%  $  +4,522.32
  Regret-Grid g*_mean (lambda=0.30, m=0.5)    $   7,869.63   -21.30%  $  -2,130.37
  Naive 50/50 rebalanceo                      $  12,091.59   +20.92%  $  +2,091.59
  Naive 50/50 buy & hold                      $  12,258.46   +22.58%  $  +2,258.46

  Nota: el ret_acum de Regret-Grid sobre r_hist NO es comparable
        con el +59.43% promedio sobre los 5 escenarios DL del bloque anterior — uno es backtest
        sobre la trayectoria observada, el otro es promedio sobre las
        trayectorias forecast del LSTM.
  Grafico guardado en: C:\Users\aunanue\Internship\Testing\SPC_Grid2\resultados\evolucion_capital.png

======================================================================
Pipeline completo.
======================================================================
