======================================================================
ENTRENAMIENTO LSTM CUANTILICO
======================================================================
  H=60  seeds=(0, 1, 2)  deciles=5
  epochs=300  patience=15  lr=0.0003
----------------------------------------------------------------------
  seed=0  best_valid=0.011266
  seed=1  best_valid=0.011204
  seed=2  best_valid=0.010947
----------------------------------------------------------------------
  best_valid = 0.010947  (seed=2)
  checkpoint guardado en: C:\Users\aunanue\Internship\Testing\SPC_Grid2\models\decile_predictor.pt

======================================================================
REGRET-GRID — DL -> optimizador -> seleccion (lambda, m)
======================================================================
Cargando datos y construyendo contexto DL ...
  Assets     : ['SPX', 'CMC200']
  T          : 163 periodos forward (t1..t163)
  Scenarios  : (5, 163, 2) (S, T, A)
  p_bull SPX    : min=0.400  max=0.600  mean=0.550
  p_bull CMC200 : min=0.400  max=0.600  mean=0.434

----------------------------------------------------------------------
Corriendo 5x3=15 puntos x 5 escenarios
----------------------------------------------------------------------
  [ 1/15] lambda=0.30  m=0.0 ... z=0.6294  V=[$3,432 .. $41,660]
  [ 2/15] lambda=0.30  m=0.1 ... z=0.6247  V=[$3,383 .. $44,597]
  [ 3/15] lambda=0.30  m=0.5 ... z=0.6212  V=[$3,007 .. $46,642]
  [ 4/15] lambda=0.90  m=0.0 ... z=0.3181  V=[$5,510 .. $19,370]
  [ 5/15] lambda=0.90  m=0.1 ... z=0.3053  V=[$5,357 .. $20,077]
  [ 6/15] lambda=0.90  m=0.5 ... z=0.2877  V=[$5,286 .. $20,153]
  [ 7/15] lambda=1.20  m=0.0 ... z=0.2382  V=[$6,399 .. $15,445]
  [ 8/15] lambda=1.20  m=0.1 ... z=0.2284  V=[$6,305 .. $15,671]
  [ 9/15] lambda=1.20  m=0.5 ... z=0.2153  V=[$6,266 .. $15,750]
  [10/15] lambda=1.50  m=0.0 ... z=0.1850  V=[$6,973 .. $15,731]
  [11/15] lambda=1.50  m=0.1 ... z=0.1772  V=[$6,911 .. $15,324]
  [12/15] lambda=1.50  m=0.5 ... z=0.1668  V=[$6,887 .. $15,397]
  [13/15] lambda=1.80  m=0.0 ... z=0.1454  V=[$7,356 .. $15,869]
  [14/15] lambda=1.80  m=0.1 ... z=0.1389  V=[$7,321 .. $15,518]
  [15/15] lambda=1.80  m=0.5 ... z=0.1302  V=[$7,312 .. $15,613]
C:\Users\aunanue\Internship\Testing\SPC_Grid2\main.py:102: UserWarning: g*_mean cae en frontera del grid (lambda=0.30, m=0.50). Considera extender LAMBDA_GRID/M_GRID en config.py.
  res = compute_regret_and_select(V_df)
C:\Users\aunanue\Internship\Testing\SPC_Grid2\main.py:102: UserWarning: g*_worst cae en frontera del grid (lambda=0.30, m=0.01). Considera extender LAMBDA_GRID/M_GRID en config.py.
  res = compute_regret_and_select(V_df)

======================================================================
RESULTADOS
======================================================================

--- V[g, s] — capital terminal por (lambda, m) y escenario ---
s                    0          1         2         3          4
lambda m                                                        
0.3    0.01 $41,660.20 $15,210.20 $5,672.43 $3,431.86 $11,095.98
       0.10 $44,597.42 $15,903.71 $5,409.69 $3,382.88 $10,677.41
       0.50 $46,642.23 $14,748.69 $5,525.16 $3,006.58 $10,305.23
0.9    0.01 $19,370.26 $14,593.68 $6,653.59 $5,509.57 $14,306.30
       0.10 $20,076.86 $15,935.62 $6,906.02 $5,357.32 $13,985.12
       0.50 $20,153.37 $17,847.73 $6,809.31 $5,285.51 $14,224.60
1.2    0.01 $15,252.26 $13,051.44 $7,442.67 $6,398.68 $15,445.13
       0.10 $15,671.42 $13,932.98 $7,579.44 $6,305.26 $14,959.60
       0.50 $15,750.27 $15,216.19 $7,375.66 $6,265.73 $15,020.30
1.5    0.01 $13,143.88 $12,138.99 $7,755.00 $6,973.28 $15,731.18
       0.10 $13,398.83 $12,784.51 $7,867.91 $6,911.05 $15,323.84
       0.50 $13,477.15 $13,708.84 $7,679.77 $6,887.38 $15,397.22
1.8    0.01 $11,855.46 $11,526.50 $7,942.50 $7,356.07 $15,868.58
       0.10 $12,026.07 $12,028.84 $8,038.72 $7,321.19 $15,517.70
       0.50 $12,120.50 $12,782.84 $7,857.61 $7,312.37 $15,612.96

--- R[g, s] = V_best_s - V[g, s] ---
s                    0         1         2         3         4
lambda m                                                      
0.3    0.01  $4,982.04 $2,637.53 $2,366.29 $3,924.21 $4,772.60
       0.10  $2,044.81 $1,944.02 $2,629.03 $3,973.20 $5,191.17
       0.50      $0.00 $3,099.04 $2,513.56 $4,349.49 $5,563.36
0.9    0.01 $27,271.97 $3,254.05 $1,385.13 $1,846.50 $1,562.28
       0.10 $26,565.38 $1,912.12 $1,132.69 $1,998.75 $1,883.46
       0.50 $26,488.86     $0.00 $1,229.40 $2,070.56 $1,643.99
1.2    0.01 $31,389.98 $4,796.29   $596.05   $957.40   $423.46
       0.10 $30,970.81 $3,914.75   $459.27 $1,050.81   $908.98
       0.50 $30,891.96 $2,631.54   $663.06 $1,090.35   $848.29
1.5    0.01 $33,498.35 $5,708.74   $283.72   $382.79   $137.41
       0.10 $33,243.41 $5,063.22   $170.81   $445.02   $544.74
       0.50 $33,165.09 $4,138.90   $358.95   $468.69   $471.37
1.8    0.01 $34,786.77 $6,321.23    $96.21     $0.00     $0.00
       0.10 $34,616.16 $5,818.89     $0.00    $34.89   $350.88
       0.50 $34,521.73 $5,064.89   $181.11    $43.70   $255.62

--- Resumen de regret por g ---
             mean_regret  worst_regret
lambda m                              
0.3    0.01    $3,736.53     $4,982.04
       0.10    $3,156.45     $5,191.17
       0.50    $3,105.09     $5,563.36
0.9    0.01    $7,063.99    $27,271.97
       0.10    $6,698.48    $26,565.38
       0.50    $6,286.56    $26,488.86
1.2    0.01    $7,632.63    $31,389.98
       0.10    $7,460.93    $30,970.81
       0.50    $7,225.04    $30,891.96
1.5    0.01    $8,002.20    $33,498.35
       0.10    $7,893.44    $33,243.41
       0.50    $7,720.60    $33,165.09
1.8    0.01    $8,240.84    $34,786.77
       0.10    $8,164.16    $34,616.16
       0.50    $8,013.41    $34,521.73

--- Seleccion de g* ---
  g*_mean  (ec. 23): lambda=0.30  m=0.5  mean_regret=$3,105.09
      V: mean=$   16,045.58  worst=$    3,006.58  best=$   46,642.23  (capital inicial=$10,000.00)
      retorno promedio sobre escenarios = +60.46%
  g*_worst (ec. 24): lambda=0.30  m=0.0  worst_regret=$4,982.04
      V: mean=$   15,414.14  worst=$    3,431.86  best=$   41,660.20  (capital inicial=$10,000.00)
      retorno en el peor escenario     = -65.68%

  V_df (long)           : C:\Users\aunanue\Internship\Testing\SPC_Grid2\resultados\regret_grid_results.csv
  Tabla de regret       : C:\Users\aunanue\Internship\Testing\SPC_Grid2\resultados\regret_table.csv
  Resumen por g         : C:\Users\aunanue\Internship\Testing\SPC_Grid2\resultados\regret_summary.csv
  Grafico guardado en: C:\Users\aunanue\Internship\Testing\SPC_Grid2\resultados\regret_capital_curves.png

--- Backtest historico (politica aplicada a r_hist) ---
  Capital inicial = $10,000.00   horizonte = t1..t163 (163 periodos)
  politica                                       cap_final   ret_acum       inc_cap
  --------------------------------------------------------------------------------
  OPT (lambda=1.00, m=1.0)                    $  14,522.32   +45.22%  $  +4,522.32
  Regret-Grid g*_mean (lambda=0.30, m=0.5)    $   7,900.06   -21.00%  $  -2,099.94
  Naive 50/50 rebalanceo                      $  12,091.59   +20.92%  $  +2,091.59
  Naive 50/50 buy & hold                      $  12,258.46   +22.58%  $  +2,258.46

  Nota: el ret_acum de Regret-Grid sobre r_hist NO es comparable
        con el +60.46% promedio sobre los 5 escenarios DL del bloque anterior — uno es backtest
        sobre la trayectoria observada, el otro es promedio sobre las
        trayectorias forecast del LSTM.
  Grafico guardado en: C:\Users\aunanue\Internship\Testing\SPC_Grid2\resultados\evolucion_capital.png

======================================================================
Pipeline completo.
======================================================================
