======================================================================
INSPECCION DEL OPTIMIZADOR + REGRET-GRID
======================================================================
  lambda_grid : [0.3, 0.9, 1.1, 1.3, 1.5]
  m_grid      : [0.01, 0.2, 0.5]
  T_HORIZON   : 163
----------------------------------------------------------------------
Cargando contexto DL (lleva ~10s)...
Cargando contexto OPT base (historico)...
Corriendo grilla estandar sobre DL ctx (15 solves)...
  [ 1/15] lambda=0.30  m=0.0 ... z=0.8294  V=[$3,461 .. $8,750]
  [ 2/15] lambda=0.30  m=0.2 ... z=0.8290  V=[$3,461 .. $8,750]
  [ 3/15] lambda=0.30  m=0.5 ... z=0.8282  V=[$3,461 .. $8,750]
  [ 4/15] lambda=0.90  m=0.0 ... z=0.5517  V=[$7,219 .. $11,458]
  [ 5/15] lambda=0.90  m=0.2 ... z=0.5516  V=[$7,313 .. $11,416]
  [ 6/15] lambda=0.90  m=0.5 ... z=0.5515  V=[$7,328 .. $11,427]
  [ 7/15] lambda=1.10  m=0.0 ... z=0.5243  V=[$8,415 .. $12,839]
  [ 8/15] lambda=1.10  m=0.2 ... z=0.5242  V=[$8,494 .. $12,713]
  [ 9/15] lambda=1.10  m=0.5 ... z=0.5241  V=[$8,478 .. $12,699]
  [10/15] lambda=1.30  m=0.0 ... z=0.5083  V=[$9,305 .. $13,868]
  [11/15] lambda=1.30  m=0.2 ... z=0.5081  V=[$9,377 .. $13,754]
  [12/15] lambda=1.30  m=0.5 ... z=0.5079  V=[$9,362 .. $13,742]
  [13/15] lambda=1.50  m=0.0 ... z=0.4992  V=[$9,989 .. $14,639]
  [14/15] lambda=1.50  m=0.2 ... z=0.4990  V=[$10,056 .. $14,537]
  [15/15] lambda=1.50  m=0.5 ... z=0.4987  V=[$10,042 .. $14,526]
  V_df_dl shape : (75, 5)
  policies      : 15 entries
  g*_mean DL    : (np.float64(1.5), np.float64(0.01))
  g*_worst DL   : (np.float64(1.5), np.float64(0.01))
  output dir    : C:\Users\aunanue\Internship\Testing\SPC_Grid2\inspeccion\grid_out
----------------------------------------------------------------------
[1/6] regret heatmap
  -> inspeccion\grid_out\1_regret_heatmap.png
  -> inspeccion\grid_out\1_regret_table.csv
[2/6] V heatmap
  -> inspeccion\grid_out\2_V_heatmap.png
  -> inspeccion\grid_out\2_V_table.csv
[3/6] boundary (grilla extendida)
  corriendo grilla extendida 6x3=18 solves...
  [ 1/18] lambda=0.30  m=0.0 ... z=0.8295  V=[$674 .. $1,722]
  [ 2/18] lambda=0.30  m=0.5 ... z=0.8282  V=[$3,461 .. $8,750]
  [ 3/18] lambda=0.30  m=1.0 ... z=0.8270  V=[$3,461 .. $8,750]
  [ 4/18] lambda=0.90  m=0.0 ... z=0.5517  V=[$5,835 .. $9,280]
  [ 5/18] lambda=0.90  m=0.5 ... z=0.5515  V=[$7,328 .. $11,427]
  [ 6/18] lambda=0.90  m=1.0 ... z=0.5514  V=[$7,350 .. $11,445]
  [ 7/18] lambda=1.50  m=0.0 ... z=0.4992  V=[$0 .. $0]
  [ 8/18] lambda=1.50  m=0.5 ... z=0.4987  V=[$10,042 .. $14,526]
  [ 9/18] lambda=1.50  m=1.0 ... z=0.4983  V=[$10,025 .. $14,508]
  [10/18] lambda=2.00  m=0.0 ... z=0.4930  V=[$0 .. $0]
  [11/18] lambda=2.00  m=0.5 ... z=0.4923  V=[$10,757 .. $15,830]
  [12/18] lambda=2.00  m=1.0 ... z=0.4916  V=[$10,756 .. $15,817]
  [13/18] lambda=2.50  m=0.0 ... z=0.4991  V=[$2,435,182,569,193,472 .. $3,583,602,868,617,216]
  [14/18] lambda=2.50  m=0.5 ... z=0.4983  V=[$10,745 .. $16,627]
  [15/18] lambda=2.50  m=1.0 ... z=0.4975  V=[$10,746 .. $16,615]
  [16/18] lambda=3.00  m=0.0 ... C:\Users\aunanue\Internship\Testing\SPC_Grid2\Regret_Grid.py:495: RuntimeWarning: overflow encountered in scalar multiply
  cap[t] = cap[t_prev] * (1.0 + r_port) - cap[t_prev] * turn
C:\Users\aunanue\Internship\Testing\SPC_Grid2\Regret_Grid.py:495: RuntimeWarning: invalid value encountered in scalar subtract
  cap[t] = cap[t_prev] * (1.0 + r_port) - cap[t_prev] * turn
z=0.5113  V=[$nan .. $nan]
  [17/18] lambda=3.00  m=0.5 ... z=0.5104  V=[$10,726 .. $17,162]
  [18/18] lambda=3.00  m=1.0 ... z=0.5095  V=[$10,727 .. $17,152]
  -> inspeccion\grid_out\3_boundary_extended.png
  -> inspeccion\grid_out\3_boundary_seleccion.csv
  -> inspeccion\grid_out\3_boundary_V_long.csv
[4/6] politicas w(t)
  -> inspeccion\grid_out\4_politicas_w.png
  -> inspeccion\grid_out\4_politicas_w.csv
[5/6] turnover por g
  -> inspeccion\grid_out\5_turnover.png
  -> inspeccion\grid_out\5_turnover.csv
[6/6] DL vs OPT base sobre mismos escenarios
  corriendo grilla 5x3 con mu/sigma HISTORICO + escenarios DL...
  [ 1/15] lambda=0.30  m=0.0 ... z=0.4666  V=[$5,265 .. $11,000]
  [ 2/15] lambda=0.30  m=0.2 ... z=0.4569  V=[$5,330 .. $11,352]
  [ 3/15] lambda=0.30  m=0.5 ... z=0.4515  V=[$6,393 .. $11,365]
  [ 4/15] lambda=0.90  m=0.0 ... z=0.3994  V=[$9,851 .. $16,998]
  [ 5/15] lambda=0.90  m=0.2 ... z=0.3941  V=[$10,601 .. $16,715]
  [ 6/15] lambda=0.90  m=0.5 ... z=0.3922  V=[$10,643 .. $16,117]
  [ 7/15] lambda=1.10  m=0.0 ... z=0.3988  V=[$9,986 .. $17,486]
  [ 8/15] lambda=1.10  m=0.2 ... z=0.3943  V=[$10,634 .. $17,218]
  [ 9/15] lambda=1.10  m=0.5 ... z=0.3925  V=[$10,675 .. $16,676]
  [10/15] lambda=1.30  m=0.0 ... z=0.4011  V=[$10,072 .. $17,810]
  [11/15] lambda=1.30  m=0.2 ... z=0.3970  V=[$10,647 .. $17,573]
  [12/15] lambda=1.30  m=0.5 ... z=0.3954  V=[$10,688 .. $17,071]
  [13/15] lambda=1.50  m=0.0 ... z=0.4052  V=[$10,125 .. $18,042]
  [14/15] lambda=1.50  m=0.2 ... z=0.4014  V=[$10,651 .. $17,833]
  [15/15] lambda=1.50  m=0.5 ... z=0.3997  V=[$10,692 .. $17,374]
  -> inspeccion\grid_out\6_dl_vs_optbase.png
  -> inspeccion\grid_out\6_dl_vs_optbase.csv
  -> inspeccion\grid_out\6_dl_vs_optbase_V_long.csv
----------------------------------------------------------------------
Listo. Resultados en C:\Users\aunanue\Internship\Testing\SPC_Grid2\inspeccion\grid_out
