======================================================================
INSPECCION DEL OPTIMIZADOR + REGRET-GRID
======================================================================
  lambda_grid : [0.3, 0.9, 1.2, 1.5, 1.8]
  m_grid      : [0.01, 0.1, 0.5]
  T_HORIZON   : 163
----------------------------------------------------------------------
Cargando contexto DL (lleva ~10s)...
Cargando contexto OPT base (historico)...
Corriendo grilla estandar sobre DL ctx (15 solves)...
  [ 1/15] lambda=0.30  m=0.0 ... z=0.3794  V=[$3,997 .. $36,800]
  [ 2/15] lambda=0.30  m=0.1 ... z=0.3547  V=[$5,459 .. $34,171]
  [ 3/15] lambda=0.30  m=0.5 ... z=0.3157  V=[$8,213 .. $24,845]
  [ 4/15] lambda=0.90  m=0.0 ... z=0.3060  V=[$6,272 .. $31,320]
  [ 5/15] lambda=0.90  m=0.1 ... z=0.2938  V=[$7,105 .. $28,880]
  [ 6/15] lambda=0.90  m=0.5 ... z=0.2772  V=[$7,947 .. $24,342]
  [ 7/15] lambda=1.20  m=0.0 ... z=0.2878  V=[$6,558 .. $29,337]
  [ 8/15] lambda=1.20  m=0.1 ... z=0.2781  V=[$7,228 .. $27,576]
  [ 9/15] lambda=1.20  m=0.5 ... z=0.2649  V=[$7,914 .. $24,350]
  [10/15] lambda=1.50  m=0.0 ... z=0.2728  V=[$6,729 .. $28,151]
  [11/15] lambda=1.50  m=0.1 ... z=0.2647  V=[$7,214 .. $26,956]
  [12/15] lambda=1.50  m=0.5 ... z=0.2538  V=[$7,879 .. $24,442]
  [13/15] lambda=1.80  m=0.0 ... z=0.2595  V=[$6,806 .. $27,519]
  [14/15] lambda=1.80  m=0.1 ... z=0.2525  V=[$7,247 .. $26,578]
  [15/15] lambda=1.80  m=0.5 ... z=0.2432  V=[$7,854 .. $24,507]
C:\Users\aunanue\Internship\Testing\SPC_Grid2\inspeccion\grid.py:76: UserWarning: g*_mean cae en frontera del grid (lambda=0.30, m=0.50). Considera extender LAMBDA_GRID/M_GRID en config.py.
  res_dl = compute_regret_and_select(V_df_dl)
C:\Users\aunanue\Internship\Testing\SPC_Grid2\inspeccion\grid.py:76: UserWarning: g*_worst cae en frontera del grid (lambda=0.30). Considera extender LAMBDA_GRID/M_GRID en config.py.
  res_dl = compute_regret_and_select(V_df_dl)
  V_df_dl shape : (75, 5)
  policies      : 15 entries
  g*_mean DL    : (np.float64(0.3), np.float64(0.5))
  g*_worst DL   : (np.float64(0.3), np.float64(0.1))
  output dir    : C:\Users\aunanue\Internship\Testing\SPC_Grid2\inspeccion\grid_out
----------------------------------------------------------------------
[1/6] regret heatmap
  -> inspeccion\grid_out\1_regret_heatmap.png
  -> inspeccion\grid_out\1_regret_table.csv
[2/6] V heatmap
  -> inspeccion\grid_out\2_V_heatmap.png
  -> inspeccion\grid_out\2_V_table.csv
[3/6] boundary (grilla extendida)
  corriendo grilla extendida 6x3=18 solves...
  [ 1/18] lambda=0.30  m=0.0 ... z=0.3829  V=[$2,440 .. $23,458]
  [ 2/18] lambda=0.30  m=0.5 ... z=0.3157  V=[$8,213 .. $24,845]
  [ 3/18] lambda=0.30  m=1.0 ... z=0.3052  V=[$8,571 .. $25,430]
  [ 4/18] lambda=0.90  m=0.0 ... z=0.3077  V=[$3,267 .. $16,734]
  [ 5/18] lambda=0.90  m=0.5 ... z=0.2772  V=[$7,947 .. $24,342]
  [ 6/18] lambda=0.90  m=1.0 ... z=0.2731  V=[$8,077 .. $24,865]
  [ 7/18] lambda=1.50  m=0.0 ... z=0.2740  V=[$3,319 .. $14,169]
  [ 8/18] lambda=1.50  m=0.5 ... z=0.2538  V=[$7,879 .. $24,442]
  [ 9/18] lambda=1.50  m=1.0 ... z=0.2509  V=[$7,938 .. $24,823]
  [10/18] lambda=2.00  m=0.0 ... z=0.2521  V=[$3,298 .. $13,330]
  [11/18] lambda=2.00  m=0.5 ... z=0.2363  V=[$7,842 .. $24,543]
  [12/18] lambda=2.00  m=1.0 ... z=0.2340  V=[$7,886 .. $24,810]
  [13/18] lambda=2.50  m=0.0 ... z=0.2326  V=[$3,294 .. $12,860]
  [14/18] lambda=2.50  m=0.5 ... z=0.2196  V=[$7,814 .. $24,617]
  [15/18] lambda=2.50  m=1.0 ... z=0.2175  V=[$7,855 .. $24,809]
  [16/18] lambda=3.00  m=0.0 ... z=0.2143  V=[$3,305 .. $12,539]
  [17/18] lambda=3.00  m=0.5 ... z=0.2032  V=[$7,793 .. $24,661]
  [18/18] lambda=3.00  m=1.0 ... z=0.2013  V=[$7,835 .. $24,813]
C:\Users\aunanue\Internship\Testing\SPC_Grid2\inspeccion\grid.py:190: UserWarning: g*_mean cae en frontera del grid (lambda=0.30). Considera extender LAMBDA_GRID/M_GRID en config.py.
  res_ext = compute_regret_and_select(V_df_ext)
C:\Users\aunanue\Internship\Testing\SPC_Grid2\inspeccion\grid.py:190: UserWarning: g*_worst cae en frontera del grid (lambda=0.30). Considera extender LAMBDA_GRID/M_GRID en config.py.
  res_ext = compute_regret_and_select(V_df_ext)
  -> inspeccion\grid_out\3_boundary_extended.png
  -> inspeccion\grid_out\3_boundary_seleccion.csv
  -> inspeccion\grid_out\3_boundary_V_long.csv
[4/6] politicas w(t)
  -> inspeccion\grid_out\4_politicas_w.png
  -> inspeccion\grid_out\4_politicas_w.csv
[5/6] turnover por g
  -> inspeccion\grid_out\5_turnover.png
  -> inspeccion\grid_out\5_turnover.csv
[6/6] DL vs OPT base sobre mismos escenarios
  corriendo grilla 5x3 con mu/sigma HISTORICO + escenarios DL...
  [ 1/15] lambda=0.30  m=0.0 ... z=0.4666  V=[$3,278 .. $30,637]
  [ 2/15] lambda=0.30  m=0.1 ... z=0.4612  V=[$3,530 .. $35,639]
  [ 3/15] lambda=0.30  m=0.5 ... z=0.4515  V=[$4,135 .. $46,621]
  [ 4/15] lambda=0.90  m=0.0 ... z=0.3994  V=[$9,193 .. $23,503]
  [ 5/15] lambda=0.90  m=0.1 ... z=0.3960  V=[$9,188 .. $24,448]
  [ 6/15] lambda=0.90  m=0.5 ... z=0.3922  V=[$8,601 .. $25,775]
  [ 7/15] lambda=1.20  m=0.0 ... z=0.3997  V=[$9,376 .. $23,437]
  [ 8/15] lambda=1.20  m=0.1 ... z=0.3970  V=[$9,393 .. $24,024]
  [ 9/15] lambda=1.20  m=0.5 ... z=0.3937  V=[$8,920 .. $25,238]
  [10/15] lambda=1.50  m=0.0 ... z=0.4052  V=[$9,277 .. $23,354]
  [11/15] lambda=1.50  m=0.1 ... z=0.4027  V=[$9,526 .. $23,786]
  [12/15] lambda=1.50  m=0.5 ... z=0.3997  V=[$9,115 .. $24,811]
  [13/15] lambda=1.80  m=0.0 ... z=0.4132  V=[$8,691 .. $23,269]
  [14/15] lambda=1.80  m=0.1 ... z=0.4109  V=[$8,977 .. $23,604]
  [15/15] lambda=1.80  m=0.5 ... z=0.4080  V=[$9,263 .. $24,512]
C:\Users\aunanue\Internship\Testing\SPC_Grid2\inspeccion\grid.py:358: UserWarning: g*_mean cae en frontera del grid (lambda=0.30, m=0.50). Considera extender LAMBDA_GRID/M_GRID en config.py.
  res_base = compute_regret_and_select(V_df_base)
C:\Users\aunanue\Internship\Testing\SPC_Grid2\inspeccion\grid.py:358: UserWarning: g*_worst cae en frontera del grid (lambda=0.30, m=0.50). Considera extender LAMBDA_GRID/M_GRID en config.py.
  res_base = compute_regret_and_select(V_df_base)
  -> inspeccion\grid_out\6_dl_vs_optbase.png
  -> inspeccion\grid_out\6_dl_vs_optbase.csv
  -> inspeccion\grid_out\6_dl_vs_optbase_V_long.csv
----------------------------------------------------------------------
Listo. Resultados en C:\Users\aunanue\Internship\Testing\SPC_Grid2\inspeccion\grid_out
