======================================================================
INSPECCION DEL OPTIMIZADOR + REGRET-GRID
======================================================================
  lambda_grid : [0.3, 0.9, 1.2, 1.5, 1.8]
  m_grid      : [0.01, 0.1, 0.5]
  T_HORIZON   : 163
----------------------------------------------------------------------
Cargando contexto DL (lleva ~10s)...
Cargando contexto OPT base (historico)...
Corriendo grilla estandar sobre DL ctx (15 solves)...
  [ 1/15] lambda=0.30  m=0.0 ... z=0.4032  V=[$10,530 .. $19,609]
  [ 2/15] lambda=0.30  m=0.1 ... z=0.4030  V=[$10,531 .. $19,610]
  [ 3/15] lambda=0.30  m=0.5 ... z=0.4020  V=[$10,531 .. $19,610]
  [ 4/15] lambda=0.90  m=0.0 ... z=0.3977  V=[$10,530 .. $19,609]
  [ 5/15] lambda=0.90  m=0.1 ... z=0.3975  V=[$10,531 .. $19,610]
  [ 6/15] lambda=0.90  m=0.5 ... z=0.3965  V=[$10,531 .. $19,610]
  [ 7/15] lambda=1.20  m=0.0 ... z=0.3950  V=[$10,531 .. $19,610]
  [ 8/15] lambda=1.20  m=0.1 ... z=0.3948  V=[$10,531 .. $19,610]
  [ 9/15] lambda=1.20  m=0.5 ... z=0.3938  V=[$10,531 .. $19,610]
  [10/15] lambda=1.50  m=0.0 ... z=0.3922  V=[$10,531 .. $19,610]
  [11/15] lambda=1.50  m=0.1 ... z=0.3920  V=[$10,531 .. $19,610]
  [12/15] lambda=1.50  m=0.5 ... z=0.3910  V=[$10,531 .. $19,610]
  [13/15] lambda=1.80  m=0.0 ... z=0.3895  V=[$10,529 .. $19,606]
  [14/15] lambda=1.80  m=0.1 ... z=0.3892  V=[$10,531 .. $19,610]
  [15/15] lambda=1.80  m=0.5 ... C:\Users\aunanue\Internship\Testing\SPC_Grid2\inspeccion\grid.py:76: UserWarning: g*_mean cae en frontera del grid (lambda=1.80, m=0.50). Considera extender LAMBDA_GRID/M_GRID en config.py.
  res_dl = compute_regret_and_select(V_df_dl)
z=0.3882  V=[$10,531 .. $19,610]
  V_df_dl shape : (75, 5)
  policies      : 15 entries
  g*_mean DL    : (np.float64(1.8), np.float64(0.5))
  g*_worst DL   : (np.float64(1.5), np.float64(0.1))
  output dir    : C:\Users\aunanue\Internship\Testing\SPC_Grid2\inspeccion\grid_out
----------------------------------------------------------------------
[1/6] regret heatmap
  -> inspeccion\grid_out\1_regret_heatmap.png
  -> inspeccion\grid_out\1_regret_table.csv
[2/6] V heatmap
  -> inspeccion\grid_out\2_V_heatmap.png
  -> inspeccion\grid_out\2_V_table.csv
[3/6] boundary (grilla extendida)
  corriendo grilla extendida 6x3=18 solves...
  [ 1/18] lambda=0.30  m=0.0 ... z=0.4033  V=[$4,741 .. $8,855]
  [ 2/18] lambda=0.30  m=0.5 ... z=0.4020  V=[$10,531 .. $19,610]
  [ 3/18] lambda=0.30  m=1.0 ... z=0.4008  V=[$10,531 .. $19,610]
  [ 4/18] lambda=0.90  m=0.0 ... z=0.3978  V=[$4,675 .. $8,732]
  [ 5/18] lambda=0.90  m=0.5 ... z=0.3965  V=[$10,531 .. $19,610]
  [ 6/18] lambda=0.90  m=1.0 ... z=0.3953  V=[$10,531 .. $19,610]
  [ 7/18] lambda=1.50  m=0.0 ... z=0.3922  V=[$4,693 .. $8,767]
  [ 8/18] lambda=1.50  m=0.5 ... z=0.3910  V=[$10,531 .. $19,610]
  [ 9/18] lambda=1.50  m=1.0 ... z=0.3897  V=[$10,531 .. $19,610]
  [10/18] lambda=2.00  m=0.0 ... z=0.3877  V=[$4,685 .. $8,744]
  [11/18] lambda=2.00  m=0.5 ... z=0.3864  V=[$10,531 .. $19,610]
  [12/18] lambda=2.00  m=1.0 ... z=0.3852  V=[$10,531 .. $19,610]
  [13/18] lambda=2.50  m=0.0 ... z=0.3831  V=[$4,667 .. $8,720]
  [14/18] lambda=2.50  m=0.5 ... z=0.3818  V=[$10,531 .. $19,610]
  [15/18] lambda=2.50  m=1.0 ... z=0.3806  V=[$10,531 .. $19,610]
  [16/18] lambda=3.00  m=0.0 ... z=0.3786  V=[$4,665 .. $8,698]
  [17/18] lambda=3.00  m=0.5 ... z=0.3772  V=[$10,531 .. $19,644]
  [18/18] lambda=3.00  m=1.0 ... C:\Users\aunanue\Internship\Testing\SPC_Grid2\inspeccion\grid.py:190: UserWarning: g*_mean cae en frontera del grid (lambda=3.00). Considera extender LAMBDA_GRID/M_GRID en config.py.
  res_ext = compute_regret_and_select(V_df_ext)
C:\Users\aunanue\Internship\Testing\SPC_Grid2\inspeccion\grid.py:190: UserWarning: g*_worst cae en frontera del grid (lambda=3.00, m=1.00). Considera extender LAMBDA_GRID/M_GRID en config.py.
  res_ext = compute_regret_and_select(V_df_ext)
z=0.3760  V=[$10,531 .. $19,644]
  -> inspeccion\grid_out\3_boundary_extended.png
  -> inspeccion\grid_out\3_boundary_seleccion.csv
  -> inspeccion\grid_out\3_boundary_V_long.csv
[4/6] politicas w(t)
  -> inspeccion\grid_out\4_politicas_w.png
  -> inspeccion\grid_out\4_politicas_w.csv
[5/6] turnover por g
  -> inspeccion\grid_out\5_turnover.png
  -> inspeccion\grid_out\5_turnover.csv
[6/6] DL vs OPT base sobre mismos escenarios
  corriendo grilla 5x3 con mu/sigma HISTORICO + escenarios DL...
  [ 1/15] lambda=0.30  m=0.0 ... z=0.4666  V=[$5,265 .. $11,000]
  [ 2/15] lambda=0.30  m=0.1 ... z=0.4612  V=[$5,079 .. $11,625]
  [ 3/15] lambda=0.30  m=0.5 ... z=0.4515  V=[$6,393 .. $11,365]
  [ 4/15] lambda=0.90  m=0.0 ... z=0.3994  V=[$9,852 .. $16,999]
  [ 5/15] lambda=0.90  m=0.1 ... z=0.3960  V=[$10,301 .. $17,070]
  [ 6/15] lambda=0.90  m=0.5 ... z=0.3922  V=[$10,643 .. $16,117]
  [ 7/15] lambda=1.20  m=0.0 ... z=0.3997  V=[$10,033 .. $17,662]
  [ 8/15] lambda=1.20  m=0.1 ... z=0.3970  V=[$10,412 .. $17,678]
  [ 9/15] lambda=1.20  m=0.5 ... z=0.3937  V=[$10,683 .. $16,885]
  [10/15] lambda=1.50  m=0.0 ... z=0.4052  V=[$10,125 .. $18,042]
  [11/15] lambda=1.50  m=0.1 ... z=0.4027  V=[$10,462 .. $18,013]
  [12/15] lambda=1.50  m=0.5 ... z=0.3997  V=[$10,692 .. $17,374]
  [13/15] lambda=1.80  m=0.0 ... z=0.4132  V=[$10,182 .. $18,283]
  [14/15] lambda=1.80  m=0.1 ... z=0.4109  V=[$10,492 .. $18,253]
  [15/15] lambda=1.80  m=0.5 ... C:\Users\aunanue\Internship\Testing\SPC_Grid2\inspeccion\grid.py:358: UserWarning: g*_mean cae en frontera del grid (lambda=1.80, m=0.50). Considera extender LAMBDA_GRID/M_GRID en config.py.
  res_base = compute_regret_and_select(V_df_base)
C:\Users\aunanue\Internship\Testing\SPC_Grid2\inspeccion\grid.py:358: UserWarning: g*_worst cae en frontera del grid (lambda=1.80). Considera extender LAMBDA_GRID/M_GRID en config.py.
  res_base = compute_regret_and_select(V_df_base)
z=0.4080  V=[$10,688 .. $17,712]
  -> inspeccion\grid_out\6_dl_vs_optbase.png
  -> inspeccion\grid_out\6_dl_vs_optbase.csv
  -> inspeccion\grid_out\6_dl_vs_optbase_V_long.csv
----------------------------------------------------------------------
Listo. Resultados en C:\Users\aunanue\Internship\Testing\SPC_Grid2\inspeccion\grid_out
